#
# There is insufficient memory for the Java Runtime Environment to continue.
# Native memory allocation (malloc) failed to allocate 2097152 bytes for AllocateHeap
# Possible reasons:
#   The system is out of physical RAM or swap space
#   The process is running with CompressedOops enabled, and the Java Heap may be blocking the growth of the native heap
# Possible solutions:
#   Reduce memory load on the system
#   Increase physical memory or swap space
#   Check if swap backing store is full
#   Decrease Java heap size (-Xmx/-Xms)
#   Decrease number of Java threads
#   Decrease Java thread stack sizes (-Xss)
#   Set larger code cache with -XX:ReservedCodeCacheSize=
#   JVM is running with Unscaled Compressed Oops mode in which the Java heap is
#     placed in the first 4GB address space. The Java Heap base address is the
#     maximum limit for the native heap growth. Please use -XX:HeapBaseMinAddress
#     to set the Java Heap base and to place the Java Heap above 4GB virtual address.
# This output file may be truncated or incomplete.
#
#  Out of Memory Error (allocation.cpp:44), pid=34412, tid=11352
#
# JRE version: OpenJDK Runtime Environment Temurin-17.0.10+7 (17.0.10+7) (build 17.0.10+7)
# Java VM: OpenJDK 64-Bit Server VM Temurin-17.0.10+7 (17.0.10+7, mixed mode, emulated-client, tiered, compressed oops, compressed class ptrs, g1 gc, windows-amd64)
# No core dump will be written. Minidumps are not enabled by default on client versions of Windows
#

---------------  S U M M A R Y ------------

Command Line: -Xmx1024m -Dsts.lsp.client=vscode -Dsts.log.file=/dev/null -XX:TieredStopAtLevel=1 -Xlog:jni+resolve=off -Dspring.config.location=file:c:\Users\keitt\.vscode\extensions\vmware.vscode-spring-boot-1.54.0\language-server\BOOT-INF\classes\application.properties org.springframework.ide.vscode.boot.app.BootLanguageServerBootApp

Host: Intel(R) Core(TM) i5-10210U CPU @ 1.60GHz, 8 cores, 7G,  Windows 11 , 64 bit Build 22621 (10.0.22621.3527)
Time: Fri May 17 16:08:49 2024 Hora Padrão de Buenos Aires elapsed time: 2108.557411 seconds (0d 0h 35m 8s)

---------------  T H R E A D  ---------------

Current thread (0x000002074588d870):  VMThread "VM Thread" [stack: 0x0000002f96700000,0x0000002f96800000] [id=11352]

Stack: [0x0000002f96700000,0x0000002f96800000]
Native frames: (J=compiled Java code, j=interpreted, Vv=VM code, C=native code)
V  [jvm.dll+0x67d2c9]
V  [jvm.dll+0x834afa]
V  [jvm.dll+0x8365be]
V  [jvm.dll+0x836c23]
V  [jvm.dll+0x2477ff]
V  [jvm.dll+0xa6c93]
V  [jvm.dll+0x2f86f1]
V  [jvm.dll+0x2f42e0]
V  [jvm.dll+0x2dc8c7]
V  [jvm.dll+0x31fb87]
V  [jvm.dll+0x83b11b]
V  [jvm.dll+0x83be61]
V  [jvm.dll+0x83c37d]
V  [jvm.dll+0x83c754]
V  [jvm.dll+0x83c820]
V  [jvm.dll+0x7e3fba]
V  [jvm.dll+0x67c1b5]
C  [ucrtbase.dll+0x29333]
C  [KERNEL32.DLL+0x1257d]
C  [ntdll.dll+0x5aa48]

VM_Operation (0x0000002f97ffed70): G1CollectFull, mode: safepoint, requested by thread 0x000002074ab8e850


---------------  P R O C E S S  ---------------

Threads class SMR info:
_java_thread_list=0x000002074c099fd0, length=43, elements={
0x00000207458a7390, 0x00000207458a8120, 0x00000207458bbca0, 0x00000207458bc570,
0x00000207458bce40, 0x00000207458bd710, 0x00000207458be090, 0x00000207458be9a0,
0x0000020745c4b970, 0x0000020745c56c50, 0x000002074acfd2c0, 0x000002074ab8e850,
0x000002074b30c040, 0x000002073aa6e210, 0x000002074b1b8030, 0x000002074b409310,
0x0000020745b3b800, 0x0000020745b3cc40, 0x0000020745b3a8d0, 0x0000020745b3bd10,
0x0000020745b3d150, 0x0000020745b3a3c0, 0x0000020745b3db70, 0x0000020745b3c220,
0x0000020745b3ade0, 0x0000020745b3c730, 0x000002074b4e4e40, 0x000002074b4de900,
0x000002074b4e20b0, 0x000002074b4e4930, 0x000002074b4e5350, 0x000002074b4e3a00,
0x000002074b4e0c70, 0x000002074b4e34f0, 0x000002074b4e4420, 0x000002074b4e1180,
0x000002074b4e6280, 0x000002074b4df830, 0x000002074b4dfd40, 0x000002074b4e2fe0,
0x000002074b4e0250, 0x000002074b4e1ba0, 0x000002074a864ba0
}

Java Threads: ( => current thread )
  0x00000207458a7390 JavaThread "Reference Handler" daemon [_thread_blocked, id=13540, stack(0x0000002f96800000,0x0000002f96900000)]
  0x00000207458a8120 JavaThread "Finalizer" daemon [_thread_blocked, id=38744, stack(0x0000002f96900000,0x0000002f96a00000)]
  0x00000207458bbca0 JavaThread "Signal Dispatcher" daemon [_thread_blocked, id=37136, stack(0x0000002f96a00000,0x0000002f96b00000)]
  0x00000207458bc570 JavaThread "Attach Listener" daemon [_thread_blocked, id=11804, stack(0x0000002f96b00000,0x0000002f96c00000)]
  0x00000207458bce40 JavaThread "Service Thread" daemon [_thread_blocked, id=39832, stack(0x0000002f96c00000,0x0000002f96d00000)]
  0x00000207458bd710 JavaThread "Monitor Deflation Thread" daemon [_thread_blocked, id=31532, stack(0x0000002f96d00000,0x0000002f96e00000)]
  0x00000207458be090 JavaThread "C1 CompilerThread0" daemon [_thread_blocked, id=35996, stack(0x0000002f96e00000,0x0000002f96f00000)]
  0x00000207458be9a0 JavaThread "Sweeper thread" daemon [_thread_blocked, id=2820, stack(0x0000002f96f00000,0x0000002f97000000)]
  0x0000020745c4b970 JavaThread "Notification Thread" daemon [_thread_blocked, id=28932, stack(0x0000002f97300000,0x0000002f97400000)]
  0x0000020745c56c50 JavaThread "Common-Cleaner" daemon [_thread_blocked, id=3996, stack(0x0000002f97500000,0x0000002f97600000)]
  0x000002074acfd2c0 JavaThread "boundedElastic-evictor-1" daemon [_thread_blocked, id=39348, stack(0x0000002f97b00000,0x0000002f97c00000)]
  0x000002074ab8e850 JavaThread "pool-13-thread-1" [_thread_blocked, id=39228, stack(0x0000002f97f00000,0x0000002f98000000)]
  0x000002074b30c040 JavaThread "LanguageServerApp-lifecycle" [_thread_blocked, id=392, stack(0x0000002f98000000,0x0000002f98100000)]
  0x000002073aa6e210 JavaThread "DestroyJavaVM" [_thread_blocked, id=35712, stack(0x0000002f96000000,0x0000002f96100000)]
  0x000002074b1b8030 JavaThread "pool-14-thread-1" [_thread_blocked, id=5400, stack(0x0000002f98100000,0x0000002f98200000)]
  0x000002074b409310 JavaThread "Simple-Language-Server main thread" daemon [_thread_blocked, id=38952, stack(0x0000002f98200000,0x0000002f98300000)]
  0x0000020745b3b800 JavaThread "pool-8-thread-1" [_thread_blocked, id=27580, stack(0x0000002f98700000,0x0000002f98800000)]
  0x0000020745b3cc40 JavaThread "parallel-1" daemon [_thread_blocked, id=30640, stack(0x0000002f98800000,0x0000002f98900000)]
  0x0000020745b3a8d0 JavaThread "parallel-2" daemon [_thread_blocked, id=26916, stack(0x0000002f98900000,0x0000002f98a00000)]
  0x0000020745b3bd10 JavaThread "pool-6-thread-1" [_thread_blocked, id=23876, stack(0x0000002f98a00000,0x0000002f98b00000)]
  0x0000020745b3d150 JavaThread "parallel-3" daemon [_thread_blocked, id=12908, stack(0x0000002f98b00000,0x0000002f98c00000)]
  0x0000020745b3a3c0 JavaThread "parallel-4" daemon [_thread_blocked, id=24772, stack(0x0000002f98c00000,0x0000002f98d00000)]
  0x0000020745b3db70 JavaThread "parallel-5" daemon [_thread_blocked, id=25656, stack(0x0000002f98d00000,0x0000002f98e00000)]
  0x0000020745b3c220 JavaThread "pool-5-thread-1" [_thread_blocked, id=37672, stack(0x0000002f98e00000,0x0000002f98f00000)]
  0x0000020745b3ade0 JavaThread "ForkJoinPool.commonPool-worker-1" daemon [_thread_blocked, id=38660, stack(0x0000002f98f00000,0x0000002f99000000)]
  0x0000020745b3c730 JavaThread "pool-5-thread-2" [_thread_blocked, id=11880, stack(0x0000002f99000000,0x0000002f99100000)]
  0x000002074b4e4e40 JavaThread "pool-5-thread-3" [_thread_blocked, id=16412, stack(0x0000002f99100000,0x0000002f99200000)]
  0x000002074b4de900 JavaThread "Reconciler-1" daemon [_thread_blocked, id=3744, stack(0x0000002f99200000,0x0000002f99300000)]
  0x000002074b4e20b0 JavaThread "parallel-6" daemon [_thread_blocked, id=30872, stack(0x0000002f99400000,0x0000002f99500000)]
  0x000002074b4e4930 JavaThread "parallel-7" daemon [_thread_blocked, id=6808, stack(0x0000002f99500000,0x0000002f99600000)]
  0x000002074b4e5350 JavaThread "parallel-8" daemon [_thread_blocked, id=3848, stack(0x0000002f99600000,0x0000002f99700000)]
  0x000002074b4e3a00 JavaThread "CompletableFutureDelayScheduler" daemon [_thread_blocked, id=6428, stack(0x0000002f99900000,0x0000002f99a00000)]
  0x000002074b4e0c70 JavaThread "ForkJoinPool.commonPool-worker-2" daemon [_thread_blocked, id=3852, stack(0x0000002f99a00000,0x0000002f99b00000)]
  0x000002074b4e34f0 JavaThread "ForkJoinPool.commonPool-worker-3" daemon [_thread_blocked, id=5224, stack(0x0000002f99c00000,0x0000002f99d00000)]
  0x000002074b4e4420 JavaThread "ForkJoinPool.commonPool-worker-4" daemon [_thread_blocked, id=33256, stack(0x0000002f97200000,0x0000002f97300000)]
  0x000002074b4e1180 JavaThread "ForkJoinPool.commonPool-worker-5" daemon [_thread_blocked, id=36064, stack(0x0000002f9a400000,0x0000002f9a500000)]
  0x000002074b4e6280 JavaThread "ForkJoinPool.commonPool-worker-6" daemon [_thread_blocked, id=38004, stack(0x0000002f9a500000,0x0000002f9a600000)]
  0x000002074b4df830 JavaThread "ForkJoinPool.commonPool-worker-7" daemon [_thread_blocked, id=11912, stack(0x0000002f9a600000,0x0000002f9a700000)]
  0x000002074b4dfd40 JavaThread "pool-5-thread-4" [_thread_blocked, id=5048, stack(0x0000002f97100000,0x0000002f97200000)]
  0x000002074b4e2fe0 JavaThread "pool-5-thread-5" [_thread_blocked, id=38812, stack(0x0000002f97000000,0x0000002f97100000)]
  0x000002074b4e0250 JavaThread "pool-5-thread-6" [_thread_blocked, id=25980, stack(0x0000002f9a800000,0x0000002f9a900000)]
  0x000002074b4e1ba0 JavaThread "pool-5-thread-7" [_thread_blocked, id=33684, stack(0x0000002f9a900000,0x0000002f9aa00000)]
  0x000002074a864ba0 JavaThread "pool-5-thread-8" [_thread_blocked, id=31208, stack(0x0000002f9aa00000,0x0000002f9ab00000)]

Other Threads:
=>0x000002074588d870 VMThread "VM Thread" [stack: 0x0000002f96700000,0x0000002f96800000] [id=11352]
  0x0000020745c4c370 WatcherThread [stack: 0x0000002f97400000,0x0000002f97500000] [id=13816]
  0x000002073aaabf80 GCTaskThread "GC Thread#0" [stack: 0x0000002f96200000,0x0000002f96300000] [id=35596]
  0x000002074a8d55d0 GCTaskThread "GC Thread#1" [stack: 0x0000002f97600000,0x0000002f97700000] [id=6048]
  0x000002074a8d5890 GCTaskThread "GC Thread#2" [stack: 0x0000002f97700000,0x0000002f97800000] [id=30768]
  0x000002074a8eb4f0 GCTaskThread "GC Thread#3" [stack: 0x0000002f97800000,0x0000002f97900000] [id=18016]
  0x000002074a90efa0 GCTaskThread "GC Thread#4" [stack: 0x0000002f97900000,0x0000002f97a00000] [id=18096]
  0x000002074aafdc70 GCTaskThread "GC Thread#5" [stack: 0x0000002f97a00000,0x0000002f97b00000] [id=24412]
  0x000002074ad7e680 GCTaskThread "GC Thread#6" [stack: 0x0000002f97c00000,0x0000002f97d00000] [id=22096]
  0x000002074adecb50 GCTaskThread "GC Thread#7" [stack: 0x0000002f97d00000,0x0000002f97e00000] [id=35244]
  0x000002073aab4de0 ConcurrentGCThread "G1 Main Marker" [stack: 0x0000002f96300000,0x0000002f96400000] [id=25468]
  0x000002073aab5710 ConcurrentGCThread "G1 Conc#0" [stack: 0x0000002f96400000,0x0000002f96500000] [id=37332]
  0x000002074ad333b0 ConcurrentGCThread "G1 Conc#1" [stack: 0x0000002f97e00000,0x0000002f97f00000] [id=34036]
  0x000002073aafc750 ConcurrentGCThread "G1 Refine#0" [stack: 0x0000002f96500000,0x0000002f96600000] [id=29732]
  0x000002073aafd090 ConcurrentGCThread "G1 Service" [stack: 0x0000002f96600000,0x0000002f96700000] [id=18956]

Threads with active compile tasks:

VM state: at safepoint (normal execution)

VM Mutex/Monitor currently owned by a thread:  ([mutex/lock_event])
[0x000002073888da30] Threads_lock - owner thread: 0x000002074588d870
[0x0000020738889d20] Heap_lock - owner thread: 0x000002074ab8e850

Heap address: 0x00000000c0000000, size: 1024 MB, Compressed Oops mode: 32-bit

CDS archive(s) not mapped
Compressed class space mapped at: 0x0000000100000000-0x0000000140000000, reserved size: 1073741824
Narrow klass base: 0x0000000000000000, Narrow klass shift: 3, Narrow klass range: 0x140000000

GC Precious Log:
 CPUs: 8 total, 8 available
 Memory: 8025M
 Large Page Support: Disabled
 NUMA Support: Disabled
 Compressed Oops: Enabled (32-bit)
 Heap Region Size: 1M
 Heap Min Capacity: 8M
 Heap Initial Capacity: 126M
 Heap Max Capacity: 1G
 Pre-touch: Disabled
 Parallel Workers: 8
 Concurrent Workers: 2
 Concurrent Refinement Workers: 8
 Periodic GC: Disabled

Heap:
 garbage-first heap   total 101376K, used 34914K [0x00000000c0000000, 0x0000000100000000)
  region size 1024K, 1 young (1024K), 0 survivors (0K)
 Metaspace       used 58407K, committed 59200K, reserved 1114112K
  class space    used 7262K, committed 7552K, reserved 1048576K

Heap Regions: E=young(eden), S=young(survivor), O=old, HS=humongous(starts), HC=humongous(continues), CS=collection set, F=free, OA=open archive, CA=closed archive, TAMS=top-at-mark-start (previous, next)
|   0|0x00000000c0000000, 0x00000000c0100000, 0x00000000c0100000|100%|HS|  |TAMS 0x00000000c0100000, 0x00000000c0000000| Untracked 
|   1|0x00000000c0100000, 0x00000000c0200000, 0x00000000c0200000|100%|HC|  |TAMS 0x00000000c0200000, 0x00000000c0100000| Untracked 
|   2|0x00000000c0200000, 0x00000000c0300000, 0x00000000c0300000|100%|HC|  |TAMS 0x00000000c0300000, 0x00000000c0200000| Untracked 
|   3|0x00000000c0300000, 0x00000000c0400000, 0x00000000c0400000|100%|HC|  |TAMS 0x00000000c0400000, 0x00000000c0300000| Untracked 
|   4|0x00000000c0400000, 0x00000000c0500000, 0x00000000c0500000|100%|HS|  |TAMS 0x00000000c0500000, 0x00000000c0400000| Untracked 
|   5|0x00000000c0500000, 0x00000000c0600000, 0x00000000c0600000|100%|HC|  |TAMS 0x00000000c0600000, 0x00000000c0500000| Untracked 
|   6|0x00000000c0600000, 0x00000000c06fbc98, 0x00000000c0700000| 98%| O|  |TAMS 0x00000000c06fbc98, 0x00000000c0600000| Untracked 
|   7|0x00000000c0700000, 0x00000000c0800000, 0x00000000c0800000|100%| O|  |TAMS 0x00000000c0800000, 0x00000000c0700000| Untracked 
|   8|0x00000000c0800000, 0x00000000c08fffe8, 0x00000000c0900000| 99%| O|  |TAMS 0x00000000c08fffe8, 0x00000000c0800000| Untracked 
|   9|0x00000000c0900000, 0x00000000c0a00000, 0x00000000c0a00000|100%| O|  |TAMS 0x00000000c0a00000, 0x00000000c0900000| Untracked 
|  10|0x00000000c0a00000, 0x00000000c0b00000, 0x00000000c0b00000|100%| O|  |TAMS 0x00000000c0b00000, 0x00000000c0a00000| Untracked 
|  11|0x00000000c0b00000, 0x00000000c0bffff8, 0x00000000c0c00000| 99%| O|  |TAMS 0x00000000c0bffff8, 0x00000000c0b00000| Untracked 
|  12|0x00000000c0c00000, 0x00000000c0d00000, 0x00000000c0d00000|100%| O|  |TAMS 0x00000000c0d00000, 0x00000000c0c00000| Untracked 
|  13|0x00000000c0d00000, 0x00000000c0e00000, 0x00000000c0e00000|100%| O|  |TAMS 0x00000000c0e00000, 0x00000000c0d00000| Untracked 
|  14|0x00000000c0e00000, 0x00000000c0f00000, 0x00000000c0f00000|100%| O|  |TAMS 0x00000000c0f00000, 0x00000000c0e00000| Untracked 
|  15|0x00000000c0f00000, 0x00000000c0fffef0, 0x00000000c1000000| 99%| O|  |TAMS 0x00000000c0fffef0, 0x00000000c0f00000| Untracked 
|  16|0x00000000c1000000, 0x00000000c1100000, 0x00000000c1100000|100%| O|  |TAMS 0x00000000c1100000, 0x00000000c1000000| Untracked 
|  17|0x00000000c1100000, 0x00000000c11fffe8, 0x00000000c1200000| 99%| O|  |TAMS 0x00000000c11fffe8, 0x00000000c1100000| Untracked 
|  18|0x00000000c1200000, 0x00000000c12fffa8, 0x00000000c1300000| 99%| O|  |TAMS 0x00000000c12fffa8, 0x00000000c1200000| Untracked 
|  19|0x00000000c1300000, 0x00000000c1400000, 0x00000000c1400000|100%| O|  |TAMS 0x00000000c1400000, 0x00000000c1300000| Untracked 
|  20|0x00000000c1400000, 0x00000000c1500000, 0x00000000c1500000|100%| O|  |TAMS 0x00000000c1500000, 0x00000000c1400000| Untracked 
|  21|0x00000000c1500000, 0x00000000c15ffff8, 0x00000000c1600000| 99%| O|  |TAMS 0x00000000c15ffff8, 0x00000000c1500000| Untracked 
|  22|0x00000000c1600000, 0x00000000c16fafe8, 0x00000000c1700000| 98%| O|  |TAMS 0x00000000c16fafe8, 0x00000000c1600000| Untracked 
|  23|0x00000000c1700000, 0x00000000c1800000, 0x00000000c1800000|100%| O|  |TAMS 0x00000000c1800000, 0x00000000c1700000| Untracked 
|  24|0x00000000c1800000, 0x00000000c18ffff8, 0x00000000c1900000| 99%| O|  |TAMS 0x00000000c18ffff8, 0x00000000c1800000| Untracked 
|  25|0x00000000c1900000, 0x00000000c19ffe50, 0x00000000c1a00000| 99%| O|  |TAMS 0x00000000c19ffe50, 0x00000000c1900000| Untracked 
|  26|0x00000000c1a00000, 0x00000000c1b00000, 0x00000000c1b00000|100%|HS|  |TAMS 0x00000000c1b00000, 0x00000000c1a00000| Untracked 
|  27|0x00000000c1b00000, 0x00000000c1bffff0, 0x00000000c1c00000| 99%| O|  |TAMS 0x00000000c1bffff0, 0x00000000c1b00000| Untracked 
|  28|0x00000000c1c00000, 0x00000000c1cfffd8, 0x00000000c1d00000| 99%| O|  |TAMS 0x00000000c1cfffd8, 0x00000000c1c00000| Untracked 
|  29|0x00000000c1d00000, 0x00000000c1df97c8, 0x00000000c1e00000| 97%| O|  |TAMS 0x00000000c1df97c8, 0x00000000c1d00000| Untracked 
|  30|0x00000000c1e00000, 0x00000000c1effe18, 0x00000000c1f00000| 99%| O|  |TAMS 0x00000000c1effe18, 0x00000000c1e00000| Untracked 
|  31|0x00000000c1f00000, 0x00000000c1ffffe0, 0x00000000c2000000| 99%| O|  |TAMS 0x00000000c1ffffe0, 0x00000000c1f00000| Untracked 
|  32|0x00000000c2000000, 0x00000000c20fffc8, 0x00000000c2100000| 99%| O|  |TAMS 0x00000000c20fffc8, 0x00000000c2000000| Untracked 
|  33|0x00000000c2100000, 0x00000000c2200000, 0x00000000c2200000|100%| O|  |TAMS 0x00000000c2200000, 0x00000000c2100000| Untracked 
|  34|0x00000000c2200000, 0x00000000c22289f0, 0x00000000c2300000| 15%| O|  |TAMS 0x00000000c2200000, 0x00000000c2200000| Untracked 
|  35|0x00000000c2300000, 0x00000000c2300158, 0x00000000c2400000|  0%| O|  |TAMS 0x00000000c2300000, 0x00000000c2300000| Untracked 
|  36|0x00000000c2400000, 0x00000000c2400000, 0x00000000c2500000|  0%| F|  |TAMS 0x00000000c2400000, 0x00000000c2400000| Untracked 
|  37|0x00000000c2500000, 0x00000000c2500000, 0x00000000c2600000|  0%| F|  |TAMS 0x00000000c2500000, 0x00000000c2500000| Untracked 
|  38|0x00000000c2600000, 0x00000000c2600000, 0x00000000c2700000|  0%| F|  |TAMS 0x00000000c2600000, 0x00000000c2600000| Untracked 
|  39|0x00000000c2700000, 0x00000000c2700000, 0x00000000c2800000|  0%| F|  |TAMS 0x00000000c2700000, 0x00000000c2700000| Untracked 
|  40|0x00000000c2800000, 0x00000000c2800000, 0x00000000c2900000|  0%| F|  |TAMS 0x00000000c2800000, 0x00000000c2800000| Untracked 
|  41|0x00000000c2900000, 0x00000000c2900000, 0x00000000c2a00000|  0%| F|  |TAMS 0x00000000c2900000, 0x00000000c2900000| Untracked 
|  42|0x00000000c2a00000, 0x00000000c2a00000, 0x00000000c2b00000|  0%| F|  |TAMS 0x00000000c2a00000, 0x00000000c2a00000| Untracked 
|  43|0x00000000c2b00000, 0x00000000c2b00000, 0x00000000c2c00000|  0%| F|  |TAMS 0x00000000c2b00000, 0x00000000c2b00000| Untracked 
|  44|0x00000000c2c00000, 0x00000000c2c00000, 0x00000000c2d00000|  0%| F|  |TAMS 0x00000000c2c00000, 0x00000000c2c00000| Untracked 
|  45|0x00000000c2d00000, 0x00000000c2d00000, 0x00000000c2e00000|  0%| F|  |TAMS 0x00000000c2d00000, 0x00000000c2d00000| Untracked 
|  46|0x00000000c2e00000, 0x00000000c2e00000, 0x00000000c2f00000|  0%| F|  |TAMS 0x00000000c2e00000, 0x00000000c2e00000| Untracked 
|  47|0x00000000c2f00000, 0x00000000c2f00000, 0x00000000c3000000|  0%| F|  |TAMS 0x00000000c2f00000, 0x00000000c2f00000| Untracked 
|  48|0x00000000c3000000, 0x00000000c3000000, 0x00000000c3100000|  0%| F|  |TAMS 0x00000000c3000000, 0x00000000c3000000| Untracked 
|  49|0x00000000c3100000, 0x00000000c3100000, 0x00000000c3200000|  0%| F|  |TAMS 0x00000000c3100000, 0x00000000c3100000| Untracked 
|  50|0x00000000c3200000, 0x00000000c3200000, 0x00000000c3300000|  0%| F|  |TAMS 0x00000000c3200000, 0x00000000c3200000| Untracked 
|  51|0x00000000c3300000, 0x00000000c3300000, 0x00000000c3400000|  0%| F|  |TAMS 0x00000000c3300000, 0x00000000c3300000| Untracked 
|  52|0x00000000c3400000, 0x00000000c3400000, 0x00000000c3500000|  0%| F|  |TAMS 0x00000000c3400000, 0x00000000c3400000| Untracked 
|  53|0x00000000c3500000, 0x00000000c3500000, 0x00000000c3600000|  0%| F|  |TAMS 0x00000000c3500000, 0x00000000c3500000| Untracked 
|  54|0x00000000c3600000, 0x00000000c3600000, 0x00000000c3700000|  0%| F|  |TAMS 0x00000000c3600000, 0x00000000c3600000| Untracked 
|  55|0x00000000c3700000, 0x00000000c3700000, 0x00000000c3800000|  0%| F|  |TAMS 0x00000000c3700000, 0x00000000c3700000| Untracked 
|  56|0x00000000c3800000, 0x00000000c3800000, 0x00000000c3900000|  0%| F|  |TAMS 0x00000000c3800000, 0x00000000c3800000| Untracked 
|  57|0x00000000c3900000, 0x00000000c3900000, 0x00000000c3a00000|  0%| F|  |TAMS 0x00000000c3900000, 0x00000000c3900000| Untracked 
|  58|0x00000000c3a00000, 0x00000000c3a00000, 0x00000000c3b00000|  0%| F|  |TAMS 0x00000000c3a00000, 0x00000000c3a00000| Untracked 
|  59|0x00000000c3b00000, 0x00000000c3b00000, 0x00000000c3c00000|  0%| F|  |TAMS 0x00000000c3b00000, 0x00000000c3b00000| Untracked 
|  60|0x00000000c3c00000, 0x00000000c3c00000, 0x00000000c3d00000|  0%| F|  |TAMS 0x00000000c3c00000, 0x00000000c3c00000| Untracked 
|  61|0x00000000c3d00000, 0x00000000c3d00000, 0x00000000c3e00000|  0%| F|  |TAMS 0x00000000c3d00000, 0x00000000c3d00000| Untracked 
|  62|0x00000000c3e00000, 0x00000000c3e00000, 0x00000000c3f00000|  0%| F|  |TAMS 0x00000000c3e00000, 0x00000000c3e00000| Untracked 
|  63|0x00000000c3f00000, 0x00000000c3f00000, 0x00000000c4000000|  0%| F|  |TAMS 0x00000000c3f00000, 0x00000000c3f00000| Untracked 
|  64|0x00000000c4000000, 0x00000000c4000000, 0x00000000c4100000|  0%| F|  |TAMS 0x00000000c4000000, 0x00000000c4000000| Untracked 
|  65|0x00000000c4100000, 0x00000000c4100000, 0x00000000c4200000|  0%| F|  |TAMS 0x00000000c4100000, 0x00000000c4100000| Untracked 
|  66|0x00000000c4200000, 0x00000000c4200000, 0x00000000c4300000|  0%| F|  |TAMS 0x00000000c4200000, 0x00000000c4200000| Untracked 
|  67|0x00000000c4300000, 0x00000000c4300000, 0x00000000c4400000|  0%| F|  |TAMS 0x00000000c4300000, 0x00000000c4300000| Untracked 
|  68|0x00000000c4400000, 0x00000000c4400000, 0x00000000c4500000|  0%| F|  |TAMS 0x00000000c4400000, 0x00000000c4400000| Untracked 
|  69|0x00000000c4500000, 0x00000000c4500000, 0x00000000c4600000|  0%| F|  |TAMS 0x00000000c4500000, 0x00000000c4500000| Untracked 
|  70|0x00000000c4600000, 0x00000000c4600000, 0x00000000c4700000|  0%| F|  |TAMS 0x00000000c4600000, 0x00000000c4600000| Untracked 
|  71|0x00000000c4700000, 0x00000000c4700000, 0x00000000c4800000|  0%| F|  |TAMS 0x00000000c4700000, 0x00000000c4700000| Untracked 
|  72|0x00000000c4800000, 0x00000000c4800000, 0x00000000c4900000|  0%| F|  |TAMS 0x00000000c4800000, 0x00000000c4800000| Untracked 
|  73|0x00000000c4900000, 0x00000000c4900000, 0x00000000c4a00000|  0%| F|  |TAMS 0x00000000c4900000, 0x00000000c4900000| Untracked 
|  74|0x00000000c4a00000, 0x00000000c4a00000, 0x00000000c4b00000|  0%| F|  |TAMS 0x00000000c4a00000, 0x00000000c4a00000| Untracked 
|  75|0x00000000c4b00000, 0x00000000c4b00000, 0x00000000c4c00000|  0%| F|  |TAMS 0x00000000c4b00000, 0x00000000c4b00000| Untracked 
|  76|0x00000000c4c00000, 0x00000000c4c00000, 0x00000000c4d00000|  0%| F|  |TAMS 0x00000000c4c00000, 0x00000000c4c00000| Untracked 
|  77|0x00000000c4d00000, 0x00000000c4d00000, 0x00000000c4e00000|  0%| F|  |TAMS 0x00000000c4d00000, 0x00000000c4d00000| Untracked 
|  78|0x00000000c4e00000, 0x00000000c4e00000, 0x00000000c4f00000|  0%| F|  |TAMS 0x00000000c4e00000, 0x00000000c4e00000| Untracked 
|  79|0x00000000c4f00000, 0x00000000c4f00000, 0x00000000c5000000|  0%| F|  |TAMS 0x00000000c4f00000, 0x00000000c4f00000| Untracked 
|  80|0x00000000c5000000, 0x00000000c5000000, 0x00000000c5100000|  0%| F|  |TAMS 0x00000000c5000000, 0x00000000c5000000| Untracked 
|  81|0x00000000c5100000, 0x00000000c5100000, 0x00000000c5200000|  0%| F|  |TAMS 0x00000000c5100000, 0x00000000c5100000| Untracked 
|  82|0x00000000c5200000, 0x00000000c5200000, 0x00000000c5300000|  0%| F|  |TAMS 0x00000000c5200000, 0x00000000c5200000| Untracked 
|  83|0x00000000c5300000, 0x00000000c5300000, 0x00000000c5400000|  0%| F|  |TAMS 0x00000000c5300000, 0x00000000c5300000| Untracked 
|  84|0x00000000c5400000, 0x00000000c5400000, 0x00000000c5500000|  0%| F|  |TAMS 0x00000000c5400000, 0x00000000c5400000| Untracked 
|  85|0x00000000c5500000, 0x00000000c5500000, 0x00000000c5600000|  0%| F|  |TAMS 0x00000000c5500000, 0x00000000c5500000| Untracked 
|  86|0x00000000c5600000, 0x00000000c5600000, 0x00000000c5700000|  0%| F|  |TAMS 0x00000000c5600000, 0x00000000c5600000| Untracked 
|  87|0x00000000c5700000, 0x00000000c5700000, 0x00000000c5800000|  0%| F|  |TAMS 0x00000000c5700000, 0x00000000c5700000| Untracked 
|  88|0x00000000c5800000, 0x00000000c5800000, 0x00000000c5900000|  0%| F|  |TAMS 0x00000000c5800000, 0x00000000c5800000| Untracked 
|  89|0x00000000c5900000, 0x00000000c5900000, 0x00000000c5a00000|  0%| F|  |TAMS 0x00000000c5900000, 0x00000000c5900000| Untracked 
|  90|0x00000000c5a00000, 0x00000000c5a00000, 0x00000000c5b00000|  0%| F|  |TAMS 0x00000000c5a00000, 0x00000000c5a00000| Untracked 
|  91|0x00000000c5b00000, 0x00000000c5b00000, 0x00000000c5c00000|  0%| F|  |TAMS 0x00000000c5b00000, 0x00000000c5b00000| Untracked 
|  92|0x00000000c5c00000, 0x00000000c5c00000, 0x00000000c5d00000|  0%| F|  |TAMS 0x00000000c5c00000, 0x00000000c5c00000| Untracked 
|  93|0x00000000c5d00000, 0x00000000c5d00000, 0x00000000c5e00000|  0%| F|  |TAMS 0x00000000c5d00000, 0x00000000c5d00000| Untracked 
|  94|0x00000000c5e00000, 0x00000000c5e00000, 0x00000000c5f00000|  0%| F|  |TAMS 0x00000000c5e00000, 0x00000000c5e00000| Untracked 
|  95|0x00000000c5f00000, 0x00000000c5f00000, 0x00000000c6000000|  0%| F|  |TAMS 0x00000000c5f00000, 0x00000000c5f00000| Untracked 
|  96|0x00000000c6000000, 0x00000000c6000000, 0x00000000c6100000|  0%| F|  |TAMS 0x00000000c6000000, 0x00000000c6000000| Untracked 
| 124|0x00000000c7c00000, 0x00000000c7c00000, 0x00000000c7d00000|  0%| F|  |TAMS 0x00000000c7c00000, 0x00000000c7c00000| Untracked 
| 125|0x00000000c7d00000, 0x00000000c7d162c8, 0x00000000c7e00000|  8%| E|  |TAMS 0x00000000c7d00000, 0x00000000c7d00000| Complete 

Card table byte_map: [0x00000207409f0000,0x0000020740bf0000] _byte_map_base: 0x00000207403f0000

Marking Bits (Prev, Next): (CMBitMap*) 0x000002073aaac4f0, (CMBitMap*) 0x000002073aaac4b0
 Prev Bits: [0x0000020741df0000, 0x0000020742df0000)
 Next Bits: [0x0000020740df0000, 0x0000020741df0000)

Polling page: 0x000002073a200000

Metaspace:

Usage:
  Non-class:     49.95 MB used.
      Class:      7.09 MB used.
       Both:     57.04 MB used.

Virtual space:
  Non-class space:       64.00 MB reserved,      50.44 MB ( 79%) committed,  1 nodes.
      Class space:        1.00 GB reserved,       7.38 MB ( <1%) committed,  1 nodes.
             Both:        1.06 GB reserved,      57.81 MB (  5%) committed. 

Chunk freelists:
   Non-Class:  13.54 MB
       Class:  8.62 MB
        Both:  22.16 MB

MaxMetaspaceSize: unlimited
CompressedClassSpaceSize: 1.00 GB
Initial GC threshold: 21.00 MB
Current GC threshold: 96.25 MB
CDS: off
MetaspaceReclaimPolicy: balanced
 - commit_granule_bytes: 65536.
 - commit_granule_words: 8192.
 - virtual_space_node_default_size: 8388608.
 - enlarge_chunks_in_place: 1.
 - new_chunks_are_fully_committed: 0.
 - uncommit_free_chunks: 1.
 - use_allocation_guard: 0.
 - handle_deallocations: 1.


Internal statistics:

num_allocs_failed_limit: 6.
num_arena_births: 650.
num_arena_deaths: 220.
num_vsnodes_births: 2.
num_vsnodes_deaths: 0.
num_space_committed: 925.
num_space_uncommitted: 0.
num_chunks_returned_to_freelist: 260.
num_chunks_taken_from_freelist: 2468.
num_chunk_merges: 84.
num_chunk_splits: 1756.
num_chunks_enlarged: 1335.
num_inconsistent_stats: 0.

CodeCache: size=49152Kb used=11616Kb max_used=12668Kb free=37535Kb
 bounds [0x000002073d6e0000, 0x000002073e340000, 0x00000207406e0000]
 total_blobs=7060 nmethods=6390 adapters=597
 compilation: enabled
              stopped_count=0, restarted_count=0
 full_count=0

Compilation events (20 events):
Event: 1334.127 Thread 0x00000207458be090 6386       1       org.springframework.ide.vscode.commons.languageserver.util.SimpleLanguageServer::getParentProcessId (5 bytes)
Event: 1334.139 Thread 0x00000207458be090 nmethod 6386 0x000002073d8ced90 code [0x000002073d8cef20, 0x000002073d8ceff8]
Event: 1396.041 Thread 0x00000207458be090 6387       1       java.io.FileInputStream::<init> (59 bytes)
Event: 1396.077 Thread 0x00000207458be090 nmethod 6387 0x000002073d8ce490 code [0x000002073d8ce680, 0x000002073d8ceb48]
Event: 1396.078 Thread 0x00000207458be090 6388       1       java.lang.Process$PipeInputStream::<init> (6 bytes)
Event: 1396.078 Thread 0x00000207458be090 nmethod 6388 0x000002073d8ce190 code [0x000002073d8ce320, 0x000002073d8ce408]
Event: 1396.281 Thread 0x00000207458be090 6389       1       java.lang.ProcessImpl::exitValue (28 bytes)
Event: 1396.319 Thread 0x00000207458be090 nmethod 6389 0x000002073d8cdd90 code [0x000002073d8cdf40, 0x000002073d8ce098]
Event: 1396.319 Thread 0x00000207458be090 6392   !   1       com.google.common.io.Closeables::closeQuietly (19 bytes)
Event: 1396.325 Thread 0x00000207458be090 nmethod 6392 0x000002073d8cd990 code [0x000002073d8cdb40, 0x000002073d8cdcb8]
Event: 1396.325 Thread 0x00000207458be090 6390       1       java.lang.ProcessImpl::getInputStream (5 bytes)
Event: 1396.325 Thread 0x00000207458be090 nmethod 6390 0x000002073d8cd690 code [0x000002073d8cd820, 0x000002073d8cd8f8]
Event: 1396.325 Thread 0x00000207458be090 6391       1       java.lang.ProcessImpl::getErrorStream (5 bytes)
Event: 1396.325 Thread 0x00000207458be090 nmethod 6391 0x000002073d8cd390 code [0x000002073d8cd520, 0x000002073d8cd5f8]
Event: 1396.325 Thread 0x00000207458be090 6393       1       java.lang.ProcessImpl::getOutputStream (5 bytes)
Event: 1396.327 Thread 0x00000207458be090 nmethod 6393 0x000002073d8cd090 code [0x000002073d8cd220, 0x000002073d8cd2f8]
Event: 1787.816 Thread 0x00000207458be090 6394       1       java.util.Properties::getProperty (16 bytes)
Event: 1787.821 Thread 0x00000207458be090 nmethod 6394 0x000002073d8ccd90 code [0x000002073d8ccf20, 0x000002073d8cd028]
Event: 2066.826 Thread 0x00000207458be090 6395       1       java.lang.System::getProperty (26 bytes)
Event: 2066.847 Thread 0x00000207458be090 nmethod 6395 0x000002073d8cc510 code [0x000002073d8cc720, 0x000002073d8ccb08]

GC Heap History (20 events):
Event: 2004.845 GC heap before
{Heap before GC invocations=207 (full 186):
 garbage-first heap   total 101376K, used 34914K [0x00000000c0000000, 0x0000000100000000)
  region size 1024K, 1 young (1024K), 0 survivors (0K)
 Metaspace       used 58407K, committed 59200K, reserved 1114112K
  class space    used 7262K, committed 7552K, reserved 1048576K
}
Event: 2004.887 GC heap after
{Heap after GC invocations=208 (full 187):
 garbage-first heap   total 101376K, used 34914K [0x00000000c0000000, 0x0000000100000000)
  region size 1024K, 0 young (0K), 0 survivors (0K)
 Metaspace       used 58407K, committed 59200K, reserved 1114112K
  class space    used 7262K, committed 7552K, reserved 1048576K
}
Event: 2015.125 GC heap before
{Heap before GC invocations=208 (full 187):
 garbage-first heap   total 101376K, used 34914K [0x00000000c0000000, 0x0000000100000000)
  region size 1024K, 1 young (1024K), 0 survivors (0K)
 Metaspace       used 58407K, committed 59200K, reserved 1114112K
  class space    used 7262K, committed 7552K, reserved 1048576K
}
Event: 2015.153 GC heap after
{Heap after GC invocations=209 (full 188):
 garbage-first heap   total 101376K, used 34914K [0x00000000c0000000, 0x0000000100000000)
  region size 1024K, 0 young (0K), 0 survivors (0K)
 Metaspace       used 58407K, committed 59200K, reserved 1114112K
  class space    used 7262K, committed 7552K, reserved 1048576K
}
Event: 2025.387 GC heap before
{Heap before GC invocations=209 (full 188):
 garbage-first heap   total 101376K, used 34914K [0x00000000c0000000, 0x0000000100000000)
  region size 1024K, 1 young (1024K), 0 survivors (0K)
 Metaspace       used 58407K, committed 59200K, reserved 1114112K
  class space    used 7262K, committed 7552K, reserved 1048576K
}
Event: 2025.422 GC heap after
{Heap after GC invocations=210 (full 189):
 garbage-first heap   total 101376K, used 34914K [0x00000000c0000000, 0x0000000100000000)
  region size 1024K, 0 young (0K), 0 survivors (0K)
 Metaspace       used 58407K, committed 59200K, reserved 1114112K
  class space    used 7262K, committed 7552K, reserved 1048576K
}
Event: 2035.663 GC heap before
{Heap before GC invocations=210 (full 189):
 garbage-first heap   total 101376K, used 34914K [0x00000000c0000000, 0x0000000100000000)
  region size 1024K, 1 young (1024K), 0 survivors (0K)
 Metaspace       used 58407K, committed 59200K, reserved 1114112K
  class space    used 7262K, committed 7552K, reserved 1048576K
}
Event: 2035.704 GC heap after
{Heap after GC invocations=211 (full 190):
 garbage-first heap   total 101376K, used 34914K [0x00000000c0000000, 0x0000000100000000)
  region size 1024K, 0 young (0K), 0 survivors (0K)
 Metaspace       used 58407K, committed 59200K, reserved 1114112K
  class space    used 7262K, committed 7552K, reserved 1048576K
}
Event: 2045.955 GC heap before
{Heap before GC invocations=211 (full 190):
 garbage-first heap   total 101376K, used 34914K [0x00000000c0000000, 0x0000000100000000)
  region size 1024K, 1 young (1024K), 0 survivors (0K)
 Metaspace       used 58407K, committed 59200K, reserved 1114112K
  class space    used 7262K, committed 7552K, reserved 1048576K
}
Event: 2045.985 GC heap after
{Heap after GC invocations=212 (full 191):
 garbage-first heap   total 101376K, used 34914K [0x00000000c0000000, 0x0000000100000000)
  region size 1024K, 0 young (0K), 0 survivors (0K)
 Metaspace       used 58407K, committed 59200K, reserved 1114112K
  class space    used 7262K, committed 7552K, reserved 1048576K
}
Event: 2056.780 GC heap before
{Heap before GC invocations=212 (full 191):
 garbage-first heap   total 101376K, used 34914K [0x00000000c0000000, 0x0000000100000000)
  region size 1024K, 1 young (1024K), 0 survivors (0K)
 Metaspace       used 58407K, committed 59200K, reserved 1114112K
  class space    used 7262K, committed 7552K, reserved 1048576K
}
Event: 2056.821 GC heap after
{Heap after GC invocations=213 (full 192):
 garbage-first heap   total 101376K, used 34914K [0x00000000c0000000, 0x0000000100000000)
  region size 1024K, 0 young (0K), 0 survivors (0K)
 Metaspace       used 58407K, committed 59200K, reserved 1114112K
  class space    used 7262K, committed 7552K, reserved 1048576K
}
Event: 2067.037 GC heap before
{Heap before GC invocations=213 (full 192):
 garbage-first heap   total 101376K, used 34914K [0x00000000c0000000, 0x0000000100000000)
  region size 1024K, 1 young (1024K), 0 survivors (0K)
 Metaspace       used 58407K, committed 59200K, reserved 1114112K
  class space    used 7262K, committed 7552K, reserved 1048576K
}
Event: 2067.072 GC heap after
{Heap after GC invocations=214 (full 193):
 garbage-first heap   total 101376K, used 34914K [0x00000000c0000000, 0x0000000100000000)
  region size 1024K, 0 young (0K), 0 survivors (0K)
 Metaspace       used 58407K, committed 59200K, reserved 1114112K
  class space    used 7262K, committed 7552K, reserved 1048576K
}
Event: 2077.645 GC heap before
{Heap before GC invocations=214 (full 193):
 garbage-first heap   total 101376K, used 34914K [0x00000000c0000000, 0x0000000100000000)
  region size 1024K, 1 young (1024K), 0 survivors (0K)
 Metaspace       used 58407K, committed 59200K, reserved 1114112K
  class space    used 7262K, committed 7552K, reserved 1048576K
}
Event: 2077.686 GC heap after
{Heap after GC invocations=215 (full 194):
 garbage-first heap   total 101376K, used 34914K [0x00000000c0000000, 0x0000000100000000)
  region size 1024K, 0 young (0K), 0 survivors (0K)
 Metaspace       used 58407K, committed 59200K, reserved 1114112K
  class space    used 7262K, committed 7552K, reserved 1048576K
}
Event: 2087.953 GC heap before
{Heap before GC invocations=215 (full 194):
 garbage-first heap   total 101376K, used 34914K [0x00000000c0000000, 0x0000000100000000)
  region size 1024K, 1 young (1024K), 0 survivors (0K)
 Metaspace       used 58407K, committed 59200K, reserved 1114112K
  class space    used 7262K, committed 7552K, reserved 1048576K
}
Event: 2087.988 GC heap after
{Heap after GC invocations=216 (full 195):
 garbage-first heap   total 101376K, used 34914K [0x00000000c0000000, 0x0000000100000000)
  region size 1024K, 0 young (0K), 0 survivors (0K)
 Metaspace       used 58407K, committed 59200K, reserved 1114112K
  class space    used 7262K, committed 7552K, reserved 1048576K
}
Event: 2098.492 GC heap before
{Heap before GC invocations=216 (full 195):
 garbage-first heap   total 101376K, used 34914K [0x00000000c0000000, 0x0000000100000000)
  region size 1024K, 1 young (1024K), 0 survivors (0K)
 Metaspace       used 58407K, committed 59200K, reserved 1114112K
  class space    used 7262K, committed 7552K, reserved 1048576K
}
Event: 2098.521 GC heap after
{Heap after GC invocations=217 (full 196):
 garbage-first heap   total 101376K, used 34914K [0x00000000c0000000, 0x0000000100000000)
  region size 1024K, 0 young (0K), 0 survivors (0K)
 Metaspace       used 58407K, committed 59200K, reserved 1114112K
  class space    used 7262K, committed 7552K, reserved 1048576K
}

Dll operation events (10 events):
Event: 0.066 Loaded shared library c:\Users\keitt\.vscode\extensions\redhat.java-1.30.0-win32-x64\jre\17.0.10-win32-x86_64\bin\java.dll
Event: 4.346 Loaded shared library C:\Users\keitt\.vscode\extensions\redhat.java-1.30.0-win32-x64\jre\17.0.10-win32-x86_64\bin\net.dll
Event: 4.416 Loaded shared library C:\Users\keitt\.vscode\extensions\redhat.java-1.30.0-win32-x64\jre\17.0.10-win32-x86_64\bin\nio.dll
Event: 4.433 Loaded shared library C:\Users\keitt\.vscode\extensions\redhat.java-1.30.0-win32-x64\jre\17.0.10-win32-x86_64\bin\zip.dll
Event: 5.146 Loaded shared library C:\Users\keitt\.vscode\extensions\redhat.java-1.30.0-win32-x64\jre\17.0.10-win32-x86_64\bin\jimage.dll
Event: 11.945 Loaded shared library c:\Users\keitt\.vscode\extensions\redhat.java-1.30.0-win32-x64\jre\17.0.10-win32-x86_64\bin\verify.dll
Event: 20.546 Loaded shared library C:\Users\keitt\.vscode\extensions\redhat.java-1.30.0-win32-x64\jre\17.0.10-win32-x86_64\bin\management.dll
Event: 20.564 Loaded shared library C:\Users\keitt\.vscode\extensions\redhat.java-1.30.0-win32-x64\jre\17.0.10-win32-x86_64\bin\management_ext.dll
Event: 25.256 Loaded shared library C:\Users\keitt\.vscode\extensions\redhat.java-1.30.0-win32-x64\jre\17.0.10-win32-x86_64\bin\sunmscapi.dll
Event: 25.605 Loaded shared library C:\Users\keitt\.vscode\extensions\redhat.java-1.30.0-win32-x64\jre\17.0.10-win32-x86_64\bin\extnet.dll

Deoptimization events (20 events):
Event: 21.411 Thread 0x000002074b409310 DEOPT PACKING pc=0x000002073dc92d97 sp=0x0000002f982ff0f0
Event: 21.411 Thread 0x000002074b409310 DEOPT UNPACKING pc=0x000002073d737143 sp=0x0000002f982fe548 mode 3
Event: 24.727 Thread 0x000002074b4e4e40 DEOPT PACKING pc=0x000002073de4f9a4 sp=0x0000002f991ff080
Event: 24.727 Thread 0x000002074b4e4e40 DEOPT UNPACKING pc=0x000002073d737143 sp=0x0000002f991fe568 mode 0
Event: 24.732 Thread 0x0000020745b3c220 DEOPT PACKING pc=0x000002073de4f9a4 sp=0x0000002f98efec60
Event: 24.732 Thread 0x0000020745b3c220 DEOPT UNPACKING pc=0x000002073d737143 sp=0x0000002f98efe148 mode 0
Event: 24.799 Thread 0x0000020745b3c730 DEOPT PACKING pc=0x000002073de4f9a4 sp=0x0000002f990feeb0
Event: 24.799 Thread 0x0000020745b3c730 DEOPT UNPACKING pc=0x000002073d737143 sp=0x0000002f990fe398 mode 0
Event: 25.331 Thread 0x000002074b4e1ba0 DEOPT PACKING pc=0x000002073d81270c sp=0x0000002f998fad30
Event: 25.332 Thread 0x000002074b4e1ba0 DEOPT UNPACKING pc=0x000002073d737143 sp=0x0000002f998fa1f8 mode 0
Event: 25.441 Thread 0x0000020745b3bd10 DEOPT PACKING pc=0x000002073dc81952 sp=0x0000002f98afe430
Event: 25.441 Thread 0x0000020745b3bd10 DEOPT UNPACKING pc=0x000002073d737143 sp=0x0000002f98afd938 mode 3
Event: 25.442 Thread 0x0000020745b3bd10 DEOPT PACKING pc=0x000002073dc73ec5 sp=0x0000002f98afe3f0
Event: 25.442 Thread 0x0000020745b3bd10 DEOPT UNPACKING pc=0x000002073d737143 sp=0x0000002f98afd938 mode 3
Event: 25.514 Thread 0x0000020745b3bd10 DEOPT PACKING pc=0x000002073e1fa58c sp=0x0000002f98afe630
Event: 25.514 Thread 0x0000020745b3bd10 DEOPT UNPACKING pc=0x000002073d737143 sp=0x0000002f98afdbb0 mode 0
Event: 25.514 Thread 0x0000020745b3bd10 DEOPT PACKING pc=0x000002073e1fa58c sp=0x0000002f98afe890
Event: 25.514 Thread 0x0000020745b3bd10 DEOPT UNPACKING pc=0x000002073d737143 sp=0x0000002f98afde10 mode 0
Event: 25.524 Thread 0x0000020745b3bd10 DEOPT PACKING pc=0x000002073e1fa58c sp=0x0000002f98afed10
Event: 25.524 Thread 0x0000020745b3bd10 DEOPT UNPACKING pc=0x000002073d737143 sp=0x0000002f98afe290 mode 0

Classes unloaded (20 events):
Event: 101.091 Thread 0x000002074588d870 Unloading class 0x0000000100094800 'java/lang/invoke/LambdaForm$MH+0x0000000100094800'
Event: 101.091 Thread 0x000002074588d870 Unloading class 0x0000000100094400 'java/lang/invoke/LambdaForm$MH+0x0000000100094400'
Event: 101.091 Thread 0x000002074588d870 Unloading class 0x000000010008cc00 'java/lang/invoke/LambdaForm$MH+0x000000010008cc00'
Event: 101.091 Thread 0x000002074588d870 Unloading class 0x000000010008c800 'java/lang/invoke/LambdaForm$MH+0x000000010008c800'
Event: 101.091 Thread 0x000002074588d870 Unloading class 0x000000010008c000 'java/lang/invoke/LambdaForm$MH+0x000000010008c000'
Event: 101.091 Thread 0x000002074588d870 Unloading class 0x000000010008ac00 'java/lang/invoke/LambdaForm$MH+0x000000010008ac00'
Event: 101.091 Thread 0x000002074588d870 Unloading class 0x000000010008a400 'java/lang/invoke/LambdaForm$MH+0x000000010008a400'
Event: 101.091 Thread 0x000002074588d870 Unloading class 0x000000010008a000 'java/lang/invoke/LambdaForm$MH+0x000000010008a000'
Event: 101.091 Thread 0x000002074588d870 Unloading class 0x0000000100089c00 'java/lang/invoke/LambdaForm$MH+0x0000000100089c00'
Event: 101.091 Thread 0x000002074588d870 Unloading class 0x0000000100089800 'java/lang/invoke/LambdaForm$MH+0x0000000100089800'
Event: 101.091 Thread 0x000002074588d870 Unloading class 0x0000000100089400 'java/lang/invoke/LambdaForm$MH+0x0000000100089400'
Event: 101.091 Thread 0x000002074588d870 Unloading class 0x0000000100088c00 'java/lang/invoke/LambdaForm$MH+0x0000000100088c00'
Event: 101.091 Thread 0x000002074588d870 Unloading class 0x0000000100088400 'java/lang/invoke/LambdaForm$MH+0x0000000100088400'
Event: 111.360 Thread 0x000002074588d870 Unloading class 0x000000010008e800 'java/lang/invoke/LambdaForm$MH+0x000000010008e800'
Event: 111.360 Thread 0x000002074588d870 Unloading class 0x000000010008e400 'java/lang/invoke/LambdaForm$MH+0x000000010008e400'
Event: 111.360 Thread 0x000002074588d870 Unloading class 0x000000010008e000 'java/lang/invoke/LambdaForm$MH+0x000000010008e000'
Event: 111.360 Thread 0x000002074588d870 Unloading class 0x000000010008dc00 'java/lang/invoke/LambdaForm$MH+0x000000010008dc00'
Event: 111.360 Thread 0x000002074588d870 Unloading class 0x000000010008d800 'java/lang/invoke/LambdaForm$MH+0x000000010008d800'
Event: 111.360 Thread 0x000002074588d870 Unloading class 0x000000010008d400 'java/lang/invoke/LambdaForm$MH+0x000000010008d400'
Event: 111.360 Thread 0x000002074588d870 Unloading class 0x000000010008bc00 'java/lang/invoke/LambdaForm$MH+0x000000010008bc00'

Classes redefined (0 events):
No events

Internal exceptions (20 events):
Event: 25.581 Thread 0x0000020745b3bd10 Exception <a 'sun/nio/fs/WindowsException'{0x00000000c3cf0158}> (0x00000000c3cf0158) 
thrown [s\src\hotspot\share\prims\jni.cpp, line 516]
Event: 25.581 Thread 0x0000020745b3bd10 Exception <a 'sun/nio/fs/WindowsException'{0x00000000c3cf0dc8}> (0x00000000c3cf0dc8) 
thrown [s\src\hotspot\share\prims\jni.cpp, line 516]
Event: 25.583 Thread 0x0000020745b3bd10 Exception <a 'sun/nio/fs/WindowsException'{0x00000000c3b02348}> (0x00000000c3b02348) 
thrown [s\src\hotspot\share\prims\jni.cpp, line 516]
Event: 25.583 Thread 0x0000020745b3bd10 Exception <a 'sun/nio/fs/WindowsException'{0x00000000c3b02e50}> (0x00000000c3b02e50) 
thrown [s\src\hotspot\share\prims\jni.cpp, line 516]
Event: 25.583 Thread 0x0000020745b3bd10 Exception <a 'sun/nio/fs/WindowsException'{0x00000000c3b03938}> (0x00000000c3b03938) 
thrown [s\src\hotspot\share\prims\jni.cpp, line 516]
Event: 25.583 Thread 0x0000020745b3bd10 Exception <a 'sun/nio/fs/WindowsException'{0x00000000c3b04440}> (0x00000000c3b04440) 
thrown [s\src\hotspot\share\prims\jni.cpp, line 516]
Event: 25.583 Thread 0x0000020745b3bd10 Exception <a 'sun/nio/fs/WindowsException'{0x00000000c3b05048}> (0x00000000c3b05048) 
thrown [s\src\hotspot\share\prims\jni.cpp, line 516]
Event: 25.583 Thread 0x0000020745b3bd10 Exception <a 'sun/nio/fs/WindowsException'{0x00000000c3b05cb8}> (0x00000000c3b05cb8) 
thrown [s\src\hotspot\share\prims\jni.cpp, line 516]
Event: 25.595 Thread 0x0000020745b3bd10 Exception <a 'sun/nio/fs/WindowsException'{0x00000000c3b4d348}> (0x00000000c3b4d348) 
thrown [s\src\hotspot\share\prims\jni.cpp, line 516]
Event: 25.707 Thread 0x0000020745b3bd10 Exception <a 'sun/nio/fs/WindowsException'{0x00000000c7c45590}> (0x00000000c7c45590) 
thrown [s\src\hotspot\share\prims\jni.cpp, line 516]
Event: 25.707 Thread 0x0000020745b3bd10 Exception <a 'sun/nio/fs/WindowsException'{0x00000000c7c46098}> (0x00000000c7c46098) 
thrown [s\src\hotspot\share\prims\jni.cpp, line 516]
Event: 25.707 Thread 0x0000020745b3bd10 Exception <a 'sun/nio/fs/WindowsException'{0x00000000c7c46b80}> (0x00000000c7c46b80) 
thrown [s\src\hotspot\share\prims\jni.cpp, line 516]
Event: 25.707 Thread 0x0000020745b3bd10 Exception <a 'sun/nio/fs/WindowsException'{0x00000000c7c47688}> (0x00000000c7c47688) 
thrown [s\src\hotspot\share\prims\jni.cpp, line 516]
Event: 25.707 Thread 0x0000020745b3bd10 Exception <a 'sun/nio/fs/WindowsException'{0x00000000c7c48290}> (0x00000000c7c48290) 
thrown [s\src\hotspot\share\prims\jni.cpp, line 516]
Event: 25.707 Thread 0x0000020745b3bd10 Exception <a 'sun/nio/fs/WindowsException'{0x00000000c7c48f00}> (0x00000000c7c48f00) 
thrown [s\src\hotspot\share\prims\jni.cpp, line 516]
Event: 90.514 Thread 0x000002074ab8e850 Exception <a 'java/lang/NoSuchMethodError'{0x00000000c7c0ff28}: 'void java.lang.invoke.DirectMethodHandle$Holder.invokeStatic(java.lang.Object, long)'> (0x00000000c7c0ff28) 
thrown [s\src\hotspot\share\interpreter\linkResolver.cpp, line 759]
Event: 90.514 Thread 0x000002074ab8e850 Exception <a 'java/lang/NoSuchMethodError'{0x00000000c7c153b8}: 'java.lang.Object java.lang.invoke.DirectMethodHandle$Holder.newInvokeSpecial(java.lang.Object, long)'> (0x00000000c7c153b8) 
thrown [s\src\hotspot\share\interpreter\linkResolver.cpp, line 759]
Event: 326.923 Thread 0x000002074b4e0760 Exception <a 'java/io/IOException'{0x00000000c7d15a38}> (0x00000000c7d15a38) 
thrown [s\src\hotspot\share\prims\jni.cpp, line 516]
Event: 326.982 Thread 0x000002074b4e2ad0 Exception <a 'java/io/IOException'{0x00000000c7d89918}> (0x00000000c7d89918) 
thrown [s\src\hotspot\share\prims\jni.cpp, line 516]
Event: 327.631 Thread 0x000002074b4e5860 Exception <a 'java/io/IOException'{0x00000000c7d94400}> (0x00000000c7d94400) 
thrown [s\src\hotspot\share\prims\jni.cpp, line 516]

VM Operations (20 events):
Event: 2004.888 Executing VM operation: G1CollectFull done
Event: 2015.125 Executing VM operation: G1CollectFull
Event: 2015.153 Executing VM operation: G1CollectFull done
Event: 2025.387 Executing VM operation: G1CollectFull
Event: 2025.422 Executing VM operation: G1CollectFull done
Event: 2035.663 Executing VM operation: G1CollectFull
Event: 2035.704 Executing VM operation: G1CollectFull done
Event: 2045.955 Executing VM operation: G1CollectFull
Event: 2045.985 Executing VM operation: G1CollectFull done
Event: 2056.780 Executing VM operation: G1CollectFull
Event: 2056.821 Executing VM operation: G1CollectFull done
Event: 2067.037 Executing VM operation: G1CollectFull
Event: 2067.072 Executing VM operation: G1CollectFull done
Event: 2077.644 Executing VM operation: G1CollectFull
Event: 2077.686 Executing VM operation: G1CollectFull done
Event: 2087.953 Executing VM operation: G1CollectFull
Event: 2087.988 Executing VM operation: G1CollectFull done
Event: 2098.492 Executing VM operation: G1CollectFull
Event: 2098.521 Executing VM operation: G1CollectFull done
Event: 2108.547 Executing VM operation: G1CollectFull

Events (20 events):
Event: 326.876 loading class sun/nio/ch/SocketOptionRegistry$LazyInitialization done
Event: 326.876 loading class sun/nio/ch/OptionKey
Event: 326.877 loading class sun/nio/ch/OptionKey done
Event: 326.879 loading class sun/nio/ch/ExtendedSocketOption
Event: 326.879 loading class sun/nio/ch/ExtendedSocketOption done
Event: 326.879 loading class sun/nio/ch/ExtendedSocketOption$1
Event: 326.880 loading class sun/nio/ch/ExtendedSocketOption$1 done
Event: 326.882 loading class sun/security/ssl/Alert
Event: 326.905 loading class sun/security/ssl/Alert done
Event: 326.909 loading class sun/security/ssl/Alert$AlertConsumer
Event: 326.910 loading class sun/security/ssl/Alert$AlertConsumer done
Event: 326.910 loading class sun/security/ssl/Alert$Level
Event: 326.911 loading class sun/security/ssl/Alert$Level done
Event: 326.923 loading class sun/net/ConnectionResetException
Event: 326.924 loading class sun/net/ConnectionResetException done
Event: 386.926 Thread 0x000002074b4e5d70 Thread exited: 0x000002074b4e5d70
Event: 386.987 Thread 0x000002074b4e2ad0 Thread exited: 0x000002074b4e2ad0
Event: 386.988 Thread 0x000002074a862830 Thread exited: 0x000002074a862830
Event: 387.644 Thread 0x000002074b4e0760 Thread exited: 0x000002074b4e0760
Event: 387.645 Thread 0x000002074b4e5860 Thread exited: 0x000002074b4e5860


Dynamic libraries:
0x00007ff60fd90000 - 0x00007ff60fd9e000 	c:\Users\keitt\.vscode\extensions\redhat.java-1.30.0-win32-x64\jre\17.0.10-win32-x86_64\bin\java.exe
0x00007ffe17030000 - 0x00007ffe17247000 	C:\WINDOWS\SYSTEM32\ntdll.dll
0x00007ffddc7e0000 - 0x00007ffddc7f9000 	C:\Program Files\Avast Software\Avast\aswhook.dll
0x00007ffe159b0000 - 0x00007ffe15a74000 	C:\WINDOWS\System32\KERNEL32.DLL
0x00007ffe146b0000 - 0x00007ffe14a57000 	C:\WINDOWS\System32\KERNELBASE.dll
0x00007ffe116e0000 - 0x00007ffe11777000 	C:\WINDOWS\SYSTEM32\apphelp.dll
0x00007ffe14bc0000 - 0x00007ffe14cd1000 	C:\WINDOWS\System32\ucrtbase.dll
0x00007ffe0fa80000 - 0x00007ffe0fa97000 	c:\Users\keitt\.vscode\extensions\redhat.java-1.30.0-win32-x64\jre\17.0.10-win32-x86_64\bin\jli.dll
0x00007ffe14e40000 - 0x00007ffe14fee000 	C:\WINDOWS\System32\USER32.dll
0x00007ffe14350000 - 0x00007ffe14376000 	C:\WINDOWS\System32\win32u.dll
0x00007ffe157f0000 - 0x00007ffe15819000 	C:\WINDOWS\System32\GDI32.dll
0x00007ffe14380000 - 0x00007ffe14499000 	C:\WINDOWS\System32\gdi32full.dll
0x00007ffe14610000 - 0x00007ffe146aa000 	C:\WINDOWS\System32\msvcp_win.dll
0x00007ffe0fcb0000 - 0x00007ffe0fccb000 	c:\Users\keitt\.vscode\extensions\redhat.java-1.30.0-win32-x64\jre\17.0.10-win32-x86_64\bin\VCRUNTIME140.dll
0x00007ffdf0af0000 - 0x00007ffdf0d83000 	C:\WINDOWS\WinSxS\amd64_microsoft.windows.common-controls_6595b64144ccf1df_6.0.22621.3527_none_270e469b73872a76\COMCTL32.dll
0x00007ffe15ca0000 - 0x00007ffe15d47000 	C:\WINDOWS\System32\msvcrt.dll
0x00007ffe158c0000 - 0x00007ffe158f1000 	C:\WINDOWS\System32\IMM32.DLL
0x00007ffe0f6c0000 - 0x00007ffe0f6cc000 	c:\Users\keitt\.vscode\extensions\redhat.java-1.30.0-win32-x64\jre\17.0.10-win32-x86_64\bin\vcruntime140_1.dll
0x00007ffde4830000 - 0x00007ffde48bd000 	c:\Users\keitt\.vscode\extensions\redhat.java-1.30.0-win32-x64\jre\17.0.10-win32-x86_64\bin\msvcp140.dll
0x00007ffd87fd0000 - 0x00007ffd88c32000 	c:\Users\keitt\.vscode\extensions\redhat.java-1.30.0-win32-x64\jre\17.0.10-win32-x86_64\bin\server\jvm.dll
0x00007ffe16370000 - 0x00007ffe16422000 	C:\WINDOWS\System32\ADVAPI32.dll
0x00007ffe15900000 - 0x00007ffe159a8000 	C:\WINDOWS\System32\sechost.dll
0x00007ffe14b90000 - 0x00007ffe14bb8000 	C:\WINDOWS\System32\bcrypt.dll
0x00007ffe15a80000 - 0x00007ffe15b95000 	C:\WINDOWS\System32\RPCRT4.dll
0x00007ffe14210000 - 0x00007ffe1425d000 	C:\WINDOWS\SYSTEM32\POWRPROF.dll
0x00007ffe09c00000 - 0x00007ffe09c09000 	C:\WINDOWS\SYSTEM32\WSOCK32.dll
0x00007ffe15380000 - 0x00007ffe153f1000 	C:\WINDOWS\System32\WS2_32.dll
0x00007ffe0eb40000 - 0x00007ffe0eb74000 	C:\WINDOWS\SYSTEM32\WINMM.dll
0x00007ffe0d020000 - 0x00007ffe0d02a000 	C:\WINDOWS\SYSTEM32\VERSION.dll
0x00007ffe141f0000 - 0x00007ffe14203000 	C:\WINDOWS\SYSTEM32\UMPDC.dll
0x00007ffe13370000 - 0x00007ffe13388000 	C:\WINDOWS\SYSTEM32\kernel.appcore.dll
0x00007ffe0ec00000 - 0x00007ffe0ec0a000 	c:\Users\keitt\.vscode\extensions\redhat.java-1.30.0-win32-x64\jre\17.0.10-win32-x86_64\bin\jimage.dll
0x00007ffe0d4d0000 - 0x00007ffe0d702000 	C:\WINDOWS\SYSTEM32\DBGHELP.DLL
0x00007ffe14ff0000 - 0x00007ffe15378000 	C:\WINDOWS\System32\combase.dll
0x00007ffe14d60000 - 0x00007ffe14e37000 	C:\WINDOWS\System32\OLEAUT32.dll
0x00007ffe0d470000 - 0x00007ffe0d4a2000 	C:\WINDOWS\SYSTEM32\dbgcore.DLL
0x00007ffe14ce0000 - 0x00007ffe14d59000 	C:\WINDOWS\System32\bcryptPrimitives.dll
0x00007ffdee650000 - 0x00007ffdee675000 	c:\Users\keitt\.vscode\extensions\redhat.java-1.30.0-win32-x64\jre\17.0.10-win32-x86_64\bin\java.dll
0x00007ffe0d0d0000 - 0x00007ffe0d0e8000 	c:\Users\keitt\.vscode\extensions\redhat.java-1.30.0-win32-x64\jre\17.0.10-win32-x86_64\bin\zip.dll
0x00007ffe16680000 - 0x00007ffe16edc000 	C:\WINDOWS\System32\SHELL32.dll
0x00007ffe12290000 - 0x00007ffe12b86000 	C:\WINDOWS\SYSTEM32\windows.storage.dll
0x00007ffe12150000 - 0x00007ffe1228e000 	C:\WINDOWS\SYSTEM32\wintypes.dll
0x00007ffe16ef0000 - 0x00007ffe16fe5000 	C:\WINDOWS\System32\SHCORE.dll
0x00007ffe164c0000 - 0x00007ffe1651e000 	C:\WINDOWS\System32\shlwapi.dll
0x00007ffe14280000 - 0x00007ffe142a1000 	C:\WINDOWS\SYSTEM32\profapi.dll
0x00007ffe0c680000 - 0x00007ffe0c699000 	C:\Users\keitt\.vscode\extensions\redhat.java-1.30.0-win32-x64\jre\17.0.10-win32-x86_64\bin\net.dll
0x00007ffe0ef80000 - 0x00007ffe0f0b6000 	C:\WINDOWS\SYSTEM32\WINHTTP.dll
0x00007ffe137e0000 - 0x00007ffe13849000 	C:\WINDOWS\system32\mswsock.dll
0x00007ffe03900000 - 0x00007ffe03916000 	C:\Users\keitt\.vscode\extensions\redhat.java-1.30.0-win32-x64\jre\17.0.10-win32-x86_64\bin\nio.dll
0x00007ffe0e120000 - 0x00007ffe0e130000 	c:\Users\keitt\.vscode\extensions\redhat.java-1.30.0-win32-x64\jre\17.0.10-win32-x86_64\bin\verify.dll
0x00007ffe13a50000 - 0x00007ffe13a6b000 	C:\WINDOWS\SYSTEM32\CRYPTSP.dll
0x00007ffe132d0000 - 0x00007ffe13305000 	C:\WINDOWS\system32\rsaenh.dll
0x00007ffe138e0000 - 0x00007ffe13908000 	C:\WINDOWS\SYSTEM32\USERENV.dll
0x00007ffe13a40000 - 0x00007ffe13a4c000 	C:\WINDOWS\SYSTEM32\CRYPTBASE.dll
0x00007ffe12e30000 - 0x00007ffe12e5d000 	C:\WINDOWS\SYSTEM32\IPHLPAPI.DLL
0x00007ffe15400000 - 0x00007ffe15409000 	C:\WINDOWS\System32\NSI.dll
0x00007ffe0f290000 - 0x00007ffe0f2a9000 	C:\WINDOWS\SYSTEM32\dhcpcsvc6.DLL
0x00007ffe0ef20000 - 0x00007ffe0ef3f000 	C:\WINDOWS\SYSTEM32\dhcpcsvc.DLL
0x00007ffe12eb0000 - 0x00007ffe12fa8000 	C:\WINDOWS\SYSTEM32\DNSAPI.dll
0x00007ffe0c4f0000 - 0x00007ffe0c4f9000 	C:\Users\keitt\.vscode\extensions\redhat.java-1.30.0-win32-x64\jre\17.0.10-win32-x86_64\bin\management.dll
0x00007ffe0c3a0000 - 0x00007ffe0c3ab000 	C:\Users\keitt\.vscode\extensions\redhat.java-1.30.0-win32-x64\jre\17.0.10-win32-x86_64\bin\management_ext.dll
0x00007ffe16ee0000 - 0x00007ffe16ee8000 	C:\WINDOWS\System32\PSAPI.DLL
0x00007ffe0dbf0000 - 0x00007ffe0dbfe000 	C:\Users\keitt\.vscode\extensions\redhat.java-1.30.0-win32-x64\jre\17.0.10-win32-x86_64\bin\sunmscapi.dll
0x00007ffe144a0000 - 0x00007ffe14608000 	C:\WINDOWS\System32\CRYPT32.dll
0x00007ffe13c00000 - 0x00007ffe13c2e000 	C:\WINDOWS\SYSTEM32\ncrypt.dll
0x00007ffe13bc0000 - 0x00007ffe13bf7000 	C:\WINDOWS\SYSTEM32\NTASN1.dll
0x00007ffe0d030000 - 0x00007ffe0d03a000 	C:\Windows\System32\rasadhlp.dll
0x00007ffe0e710000 - 0x00007ffe0e793000 	C:\WINDOWS\System32\fwpuclnt.dll
0x00007ffe0c5f0000 - 0x00007ffe0c5f9000 	C:\Users\keitt\.vscode\extensions\redhat.java-1.30.0-win32-x64\jre\17.0.10-win32-x86_64\bin\extnet.dll

dbghelp: loaded successfully - version: 4.0.5 - missing functions: none
symbol engine: initialized successfully - sym options: 0x614 - pdb path: .;c:\Users\keitt\.vscode\extensions\redhat.java-1.30.0-win32-x64\jre\17.0.10-win32-x86_64\bin;C:\WINDOWS\SYSTEM32;C:\Program Files\Avast Software\Avast;C:\WINDOWS\WinSxS\amd64_microsoft.windows.common-controls_6595b64144ccf1df_6.0.22621.3527_none_270e469b73872a76;c:\Users\keitt\.vscode\extensions\redhat.java-1.30.0-win32-x64\jre\17.0.10-win32-x86_64\bin\server

VM Arguments:
jvm_args: -Xmx1024m -Dsts.lsp.client=vscode -Dsts.log.file=/dev/null -XX:TieredStopAtLevel=1 -Xlog:jni+resolve=off -Dspring.config.location=file:c:\Users\keitt\.vscode\extensions\vmware.vscode-spring-boot-1.54.0\language-server\BOOT-INF\classes\application.properties 
java_command: org.springframework.ide.vscode.boot.app.BootLanguageServerBootApp
java_class_path (initial): c:\Users\keitt\.vscode\extensions\vmware.vscode-spring-boot-1.54.0\language-server\BOOT-INF\classes;c:\Users\keitt\.vscode\extensions\vmware.vscode-spring-boot-1.54.0\language-server\BOOT-INF\lib\annotations-24.1.0.jar;c:\Users\keitt\.vscode\extensions\vmware.vscode-spring-boot-1.54.0\language-server\BOOT-INF\lib\antlr4-runtime-4.13.1.jar;c:\Users\keitt\.vscode\extensions\vmware.vscode-spring-boot-1.54.0\language-server\BOOT-INF\lib\asm-9.7.jar;c:\Users\keitt\.vscode\extensions\vmware.vscode-spring-boot-1.54.0\language-server\BOOT-INF\lib\asm-analysis-9.7.jar;c:\Users\keitt\.vscode\extensions\vmware.vscode-spring-boot-1.54.0\language-server\BOOT-INF\lib\asm-tree-9.7.jar;c:\Users\keitt\.vscode\extensions\vmware.vscode-spring-boot-1.54.0\language-server\BOOT-INF\lib\asm-util-9.7.jar;c:\Users\keitt\.vscode\extensions\vmware.vscode-spring-boot-1.54.0\language-server\BOOT-INF\lib\caffeine-3.1.8.jar;c:\Users\keitt\.vscode\extensions\vmware.vscode-spring-boot-1.54.0\language-server\BOOT-INF\lib\checker-qual-3.12.0.jar;c:\Users\keitt\.vscode\extensions\vmware.vscode-spring-boot-1.54.0\language-server\BOOT-INF\lib\classgraph-4.8.149.jar;c:\Users\keitt\.vscode\extensions\vmware.vscode-spring-boot-1.54.0\language-server\BOOT-INF\lib\commons-codec-1.16.1.jar;c:\Users\keitt\.vscode\extensions\vmware.vscode-spring-boot-1.54.0\language-server\BOOT-INF\lib\commons-compress-1.26.1.jar;c:\Users\keitt\.vscode\extensions\vmware.vscode-spring-boot-1.54.0\language-server\BOOT-INF\lib\commons-io-2.4.jar;c:\Users\keitt\.vscode\extensions\vmware.vscode-spring-boot-1.54.0\language-server\BOOT-INF\lib\commons-java-1.54.0-SNAPSHOT.jar;c:\Users\keitt\.vscode\extensions\vmware.vscode-spring-boot-1.54.0\language-server\BOOT-INF\lib\commons-lang3-3.13.0.jar;c:\Users\keitt\.vscode\extensions\vmware.vscode-spring-boot-1.54.0\language-server\BOOT-INF\lib\commons-language-server-1.54.0-SNAPSHOT.jar;c:\Users\keitt\.vscode\extensions\vmware.vscode-spring-boot-1.54.0\language
Launcher Type: SUN_STANDARD

[Global flags]
     intx CICompilerCount                          = 4                                         {product} {ergonomic}
     uint ConcGCThreads                            = 2                                         {product} {ergonomic}
     uint G1ConcRefinementThreads                  = 8                                         {product} {ergonomic}
   size_t G1HeapRegionSize                         = 1048576                                   {product} {ergonomic}
    uintx GCDrainStackTargetSize                   = 64                                        {product} {ergonomic}
   size_t InitialHeapSize                          = 132120576                                 {product} {ergonomic}
   size_t MarkStackSize                            = 4194304                                   {product} {ergonomic}
   size_t MaxHeapSize                              = 1073741824                                {product} {command line}
   size_t MaxNewSize                               = 643825664                                 {product} {ergonomic}
   size_t MinHeapDeltaBytes                        = 1048576                                   {product} {ergonomic}
   size_t MinHeapSize                              = 8388608                                   {product} {ergonomic}
    uintx NonProfiledCodeHeapSize                  = 0                                      {pd product} {ergonomic}
     bool ProfileInterpreter                       = false                                  {pd product} {command line}
    uintx ProfiledCodeHeapSize                     = 0                                      {pd product} {ergonomic}
   size_t SoftMaxHeapSize                          = 1073741824                             {manageable} {ergonomic}
     intx TieredStopAtLevel                        = 1                                         {product} {command line}
     bool UseCompressedClassPointers               = true                           {product lp64_product} {ergonomic}
     bool UseCompressedOops                        = true                           {product lp64_product} {ergonomic}
     bool UseG1GC                                  = true                                      {product} {ergonomic}
     bool UseLargePagesIndividualAllocation        = false                                  {pd product} {ergonomic}

Logging:
Log output configuration:
 #0: stdout all=warning,jni+resolve=off uptime,level,tags
 #1: stderr all=off uptime,level,tags

Environment Variables:
PATH=C:\Program Files\Common Files\Oracle\Java\javapath;C:\WINDOWS\system32;C:\WINDOWS;C:\WINDOWS\System32\Wbem;C:\WINDOWS\System32\WindowsPowerShell\v1.0\;C:\WINDOWS\System32\OpenSSH\;C:\Program Files\nodejs\;C:\Program Files\Git\cmd;C:\Users\keitt\AppData\Local\Programs\Python\Python311\Scripts\;C:\Users\keitt\AppData\Local\Programs\Python\Python311\;C:\Users\keitt\AppData\Local\Microsoft\WindowsApps;C:\Users\keitt\AppData\Local\Programs\Microsoft VS Code\bin;C:\Users\keitt\AppData\Roaming\npm;C:\Program Files\Git\bin;C:\Users\keitt\AppData\Local\GitHubDesktop\bin
USERNAME=keitt
OS=Windows_NT
PROCESSOR_IDENTIFIER=Intel64 Family 6 Model 142 Stepping 12, GenuineIntel
TMP=C:\Users\keitt\AppData\Local\Temp
TEMP=C:\Users\keitt\AppData\Local\Temp



Periodic native trim disabled


---------------  S Y S T E M  ---------------

OS:
 Windows 11 , 64 bit Build 22621 (10.0.22621.3527)
OS uptime: 1 days 4:05 hours

CPU: total 8 (initial active 8) (4 cores per cpu, 2 threads per core) family 6 model 142 stepping 12 microcode 0xea, cx8, cmov, fxsr, ht, mmx, 3dnowpref, sse, sse2, sse3, ssse3, sse4.1, sse4.2, popcnt, lzcnt, tsc, tscinvbit, avx, avx2, aes, erms, clmul, bmi1, bmi2, adx, fma, vzeroupper, clflush, clflushopt
Processor Information for all 8 processors :
  Max Mhz: 2112, Current Mhz: 1609, Mhz Limit: 1605

Memory: 4k page, system-wide physical 8025M (762M free)
TotalPageFile size 32601M (AvailPageFile size 0M)
current process WorkingSet (physical memory assigned to process): 59M, peak: 216M
current process commit charge ("private bytes"): 268M, peak: 282M

vm_info: OpenJDK 64-Bit Server VM (17.0.10+7) for windows-amd64 JRE (17.0.10+7), built on Jan 16 2024 23:25:11 by "admin" with MS VC++ 16.10 / 16.11 (VS2019)

END.
