#
# There is insufficient memory for the Java Runtime Environment to continue.
# Native memory allocation (malloc) failed to allocate 32744 bytes for ChunkPool::allocate
# Possible reasons:
#   The system is out of physical RAM or swap space
#   The process is running with CompressedOops enabled, and the Java Heap may be blocking the growth of the native heap
# Possible solutions:
#   Reduce memory load on the system
#   Increase physical memory or swap space
#   Check if swap backing store is full
#   Decrease Java heap size (-Xmx/-Xms)
#   Decrease number of Java threads
#   Decrease Java thread stack sizes (-Xss)
#   Set larger code cache with -XX:ReservedCodeCacheSize=
#   JVM is running with Unscaled Compressed Oops mode in which the Java heap is
#     placed in the first 4GB address space. The Java Heap base address is the
#     maximum limit for the native heap growth. Please use -XX:HeapBaseMinAddress
#     to set the Java Heap base and to place the Java Heap above 4GB virtual address.
# This output file may be truncated or incomplete.
#
#  Out of Memory Error (arena.cpp:79), pid=19112, tid=164
#
# JRE version: OpenJDK Runtime Environment Temurin-17.0.10+7 (17.0.10+7) (build 17.0.10+7)
# Java VM: OpenJDK 64-Bit Server VM Temurin-17.0.10+7 (17.0.10+7, mixed mode, tiered, compressed oops, compressed class ptrs, parallel gc, windows-amd64)
# No core dump will be written. Minidumps are not enabled by default on client versions of Windows
#

---------------  S U M M A R Y ------------

Command Line: --add-modules=ALL-SYSTEM --add-opens=java.base/java.util=ALL-UNNAMED --add-opens=java.base/java.lang=ALL-UNNAMED --add-opens=java.base/sun.nio.fs=ALL-UNNAMED -Declipse.application=org.eclipse.jdt.ls.core.id1 -Dosgi.bundles.defaultStartLevel=4 -Declipse.product=org.eclipse.jdt.ls.core.product -Djava.import.generatesMetadataFilesAtProjectRoot=false -DDetectVMInstallationsJob.disabled=true -Dfile.encoding=utf8 -XX:+UseParallelGC -XX:GCTimeRatio=4 -XX:AdaptiveSizePolicyWeight=90 -Dsun.zip.disableMemoryMapping=true -Xmx1G -Xms100m -Xlog:disable -javaagent:c:\Users\keitt\.vscode\extensions\redhat.java-1.30.0-win32-x64\lombok\lombok-1.18.32.jar -XX:+HeapDumpOnOutOfMemoryError -XX:HeapDumpPath=c:\Users\keitt\AppData\Roaming\Code\User\workspaceStorage\4c2f74357ddefc304d306aff09f187df\redhat.java -Daether.dependencyCollector.impl=bf c:\Users\keitt\.vscode\extensions\redhat.java-1.30.0-win32-x64\server\plugins\org.eclipse.equinox.launcher_1.6.800.v20240330-1250.jar -configuration c:\Users\keitt\AppData\Roaming\Code\User\globalStorage\redhat.java\1.30.0\config_win -data c:\Users\keitt\AppData\Roaming\Code\User\workspaceStorage\4c2f74357ddefc304d306aff09f187df\redhat.java\jdt_ws --pipe=\\.\pipe\lsp-1f3dbec6f5f2eb7651e2214f09f4b738-sock

Host: Intel(R) Core(TM) i5-10210U CPU @ 1.60GHz, 8 cores, 7G,  Windows 11 , 64 bit Build 22621 (10.0.22621.3527)
Time: Fri May 17 16:11:05 2024 Hora Padrão de Buenos Aires elapsed time: 32.054549 seconds (0d 0h 0m 32s)

---------------  T H R E A D  ---------------

Current thread (0x0000029a18dd1490):  JavaThread "C1 CompilerThread0" daemon [_thread_in_native, id=164, stack(0x000000b6ad500000,0x000000b6ad600000)]


Current CompileTask:
C1:  32054 8564       2       java.lang.invoke.InvokerBytecodeGenerator::lookupPregenerated (291 bytes)

Stack: [0x000000b6ad500000,0x000000b6ad600000]
Native frames: (J=compiled Java code, j=interpreted, Vv=VM code, C=native code)
V  [jvm.dll+0x67d2c9]
V  [jvm.dll+0x834afa]
V  [jvm.dll+0x8365be]
V  [jvm.dll+0x836c23]
V  [jvm.dll+0x2477ff]
V  [jvm.dll+0xac711]
V  [jvm.dll+0xacb5c]
V  [jvm.dll+0x14dfb8]
V  [jvm.dll+0x14234a]
V  [jvm.dll+0x1401b4]
V  [jvm.dll+0x13a0ff]
V  [jvm.dll+0x149d46]
V  [jvm.dll+0x135890]
V  [jvm.dll+0x135bf0]
V  [jvm.dll+0x135eb6]
V  [jvm.dll+0x13534a]
V  [jvm.dll+0x137001]
V  [jvm.dll+0x2290de]
V  [jvm.dll+0x2272ac]
V  [jvm.dll+0x7e9bb7]
V  [jvm.dll+0x7e3fba]
V  [jvm.dll+0x67c1b5]
C  [ucrtbase.dll+0x29333]
C  [KERNEL32.DLL+0x1257d]
C  [ntdll.dll+0x5aa48]


---------------  P R O C E S S  ---------------

Threads class SMR info:
_java_thread_list=0x0000029a1c73c860, length=47, elements={
0x0000029a7ef168d0, 0x0000029a7f1b7020, 0x0000029a7f1b7c70, 0x0000029a18d6af30,
0x0000029a18d6b900, 0x0000029a18d6c3d0, 0x0000029a18d6cea0, 0x0000029a18d6dba0,
0x0000029a18dd1490, 0x0000029a18dd4160, 0x0000029a18e6d320, 0x0000029a19f67f70,
0x0000029a1a4b3030, 0x0000029a1a8f2830, 0x0000029a1a8f2d10, 0x0000029a1a637ef0,
0x0000029a1a895b40, 0x0000029a1a298fb0, 0x0000029a1a29a3f0, 0x0000029a1a2994c0,
0x0000029a1a29b320, 0x0000029a1a29b830, 0x0000029a1a298080, 0x0000029a1a298590,
0x0000029a1a299ee0, 0x0000029a1a29a900, 0x0000029a1a29ae10, 0x0000029a1d2621e0,
0x0000029a1d25c1b0, 0x0000029a1d262c00, 0x0000029a1d25db00, 0x0000029a1d25c6c0,
0x0000029a1d263110, 0x0000029a1d25f450, 0x0000029a1d25cbd0, 0x0000029a1d263620,
0x0000029a1d25f960, 0x0000029a1d25ef40, 0x0000029a1d261cd0, 0x0000029a1d25fe70,
0x0000029a1d260380, 0x0000029a1d25e520, 0x0000029a1d25d0e0, 0x0000029a1d25ea30,
0x0000029a1d260890, 0x0000029a1d260da0, 0x0000029a1d2612b0
}

Java Threads: ( => current thread )
  0x0000029a7ef168d0 JavaThread "main" [_thread_blocked, id=24896, stack(0x000000b6acb00000,0x000000b6acc00000)]
  0x0000029a7f1b7020 JavaThread "Reference Handler" daemon [_thread_blocked, id=12572, stack(0x000000b6ace00000,0x000000b6acf00000)]
  0x0000029a7f1b7c70 JavaThread "Finalizer" daemon [_thread_blocked, id=31536, stack(0x000000b6acf00000,0x000000b6ad000000)]
  0x0000029a18d6af30 JavaThread "Signal Dispatcher" daemon [_thread_blocked, id=7228, stack(0x000000b6ad000000,0x000000b6ad100000)]
  0x0000029a18d6b900 JavaThread "Attach Listener" daemon [_thread_blocked, id=33244, stack(0x000000b6ad100000,0x000000b6ad200000)]
  0x0000029a18d6c3d0 JavaThread "Service Thread" daemon [_thread_blocked, id=37260, stack(0x000000b6ad200000,0x000000b6ad300000)]
  0x0000029a18d6cea0 JavaThread "Monitor Deflation Thread" daemon [_thread_blocked, id=34632, stack(0x000000b6ad300000,0x000000b6ad400000)]
  0x0000029a18d6dba0 JavaThread "C2 CompilerThread0" daemon [_thread_in_native, id=24176, stack(0x000000b6ad400000,0x000000b6ad500000)]
=>0x0000029a18dd1490 JavaThread "C1 CompilerThread0" daemon [_thread_in_native, id=164, stack(0x000000b6ad500000,0x000000b6ad600000)]
  0x0000029a18dd4160 JavaThread "Sweeper thread" daemon [_thread_blocked, id=676, stack(0x000000b6ad600000,0x000000b6ad700000)]
  0x0000029a18e6d320 JavaThread "Common-Cleaner" daemon [_thread_blocked, id=32576, stack(0x000000b6ad700000,0x000000b6ad800000)]
  0x0000029a19f67f70 JavaThread "Notification Thread" daemon [_thread_blocked, id=25796, stack(0x000000b6ad800000,0x000000b6ad900000)]
  0x0000029a1a4b3030 JavaThread "Active Thread: Equinox Container: 5d747cde-788a-4106-af47-8fc60e99ace0" [_thread_blocked, id=19184, stack(0x000000b6ae000000,0x000000b6ae100000)]
  0x0000029a1a8f2830 JavaThread "Framework Event Dispatcher: Equinox Container: 5d747cde-788a-4106-af47-8fc60e99ace0" daemon [_thread_blocked, id=10332, stack(0x000000b6ae100000,0x000000b6ae200000)]
  0x0000029a1a8f2d10 JavaThread "Start Level: Equinox Container: 5d747cde-788a-4106-af47-8fc60e99ace0" daemon [_thread_blocked, id=28748, stack(0x000000b6ae200000,0x000000b6ae300000)]
  0x0000029a1a637ef0 JavaThread "Bundle File Closer" daemon [_thread_blocked, id=20540, stack(0x000000b6ae400000,0x000000b6ae500000)]
  0x0000029a1a895b40 JavaThread "SCR Component Actor" daemon [_thread_blocked, id=25836, stack(0x000000b6ae500000,0x000000b6ae600000)]
  0x0000029a1a298fb0 JavaThread "Worker-JM" [_thread_blocked, id=31340, stack(0x000000b6ae700000,0x000000b6ae800000)]
  0x0000029a1a29a3f0 JavaThread "Worker-0: Initialize Workspace" [_thread_blocked, id=13768, stack(0x000000b6ae800000,0x000000b6ae900000)]
  0x0000029a1a2994c0 JavaThread "Worker-1: Update project gerencia-protocolo" [_thread_blocked, id=8968, stack(0x000000b6ae900000,0x000000b6aea00000)]
  0x0000029a1a29b320 JavaThread "Worker-2: Initialize workspace" [_thread_blocked, id=25496, stack(0x000000b6aea00000,0x000000b6aeb00000)]
  0x0000029a1a29b830 JavaThread "Java indexing" daemon [_thread_blocked, id=36620, stack(0x000000b6aec00000,0x000000b6aed00000)]
  0x0000029a1a298080 JavaThread "JNA Cleaner" daemon [_thread_blocked, id=24444, stack(0x000000b6ae600000,0x000000b6ae700000)]
  0x0000029a1a298590 JavaThread "Thread-2" daemon [_thread_in_native, id=39068, stack(0x000000b6aeb00000,0x000000b6aec00000)]
  0x0000029a1a299ee0 JavaThread "Thread-3" daemon [_thread_in_native, id=37236, stack(0x000000b6aed00000,0x000000b6aee00000)]
  0x0000029a1a29a900 JavaThread "Thread-4" daemon [_thread_in_native, id=35080, stack(0x000000b6aee00000,0x000000b6aef00000)]
  0x0000029a1a29ae10 JavaThread "Thread-5" daemon [_thread_in_native, id=23032, stack(0x000000b6aef00000,0x000000b6af000000)]
  0x0000029a1d2621e0 JavaThread "Thread-6" daemon [_thread_in_native, id=24876, stack(0x000000b6af000000,0x000000b6af100000)]
  0x0000029a1d25c1b0 JavaThread "Thread-7" daemon [_thread_in_native, id=36916, stack(0x000000b6af100000,0x000000b6af200000)]
  0x0000029a1d262c00 JavaThread "Thread-8" daemon [_thread_in_native, id=32560, stack(0x000000b6af200000,0x000000b6af300000)]
  0x0000029a1d25db00 JavaThread "Thread-9" daemon [_thread_in_native, id=37868, stack(0x000000b6af300000,0x000000b6af400000)]
  0x0000029a1d25c6c0 JavaThread "Thread-10" daemon [_thread_in_native, id=10364, stack(0x000000b6af400000,0x000000b6af500000)]
  0x0000029a1d263110 JavaThread "pool-2-thread-1" [_thread_blocked, id=37508, stack(0x000000b6af500000,0x000000b6af600000)]
  0x0000029a1d25f450 JavaThread "WorkspaceEventsHandler" [_thread_blocked, id=38904, stack(0x000000b6af600000,0x000000b6af700000)]
  0x0000029a1d25cbd0 JavaThread "pool-1-thread-1" [_thread_in_native, id=3056, stack(0x000000b6af700000,0x000000b6af800000)]
  0x0000029a1d263620 JavaThread "Worker-3: Synchronizing projects" [_thread_blocked, id=38172, stack(0x000000b6af800000,0x000000b6af900000)]
  0x0000029a1d25f960 JavaThread "Worker-4: Refreshing workspace" [_thread_blocked, id=27964, stack(0x000000b6af900000,0x000000b6afa00000)]
  0x0000029a1d25ef40 JavaThread "ForkJoinPool.commonPool-worker-1" daemon [_thread_blocked, id=23460, stack(0x000000b6afa00000,0x000000b6afb00000)]
  0x0000029a1d261cd0 JavaThread "ForkJoinPool.commonPool-worker-2" daemon [_thread_blocked, id=38792, stack(0x000000b6afb00000,0x000000b6afc00000)]
  0x0000029a1d25fe70 JavaThread "ForkJoinPool.commonPool-worker-3" daemon [_thread_blocked, id=3300, stack(0x000000b6afc00000,0x000000b6afd00000)]
  0x0000029a1d260380 JavaThread "Worker-5" [_thread_blocked, id=17888, stack(0x000000b6afd00000,0x000000b6afe00000)]
  0x0000029a1d25e520 JavaThread "Worker-6" [_thread_blocked, id=38884, stack(0x000000b6afe00000,0x000000b6aff00000)]
  0x0000029a1d25d0e0 JavaThread "ParallelDescriptorResolver-0-0" daemon [_thread_in_native, id=21784, stack(0x000000b6aff00000,0x000000b6b0000000)]
  0x0000029a1d25ea30 JavaThread "ParallelDescriptorResolver-0-1" daemon [_thread_in_native, id=19028, stack(0x000000b6b0000000,0x000000b6b0100000)]
  0x0000029a1d260890 JavaThread "ParallelDescriptorResolver-0-2" daemon [_thread_in_native, id=32836, stack(0x000000b6b0100000,0x000000b6b0200000)]
  0x0000029a1d260da0 JavaThread "ParallelDescriptorResolver-0-3" daemon [_thread_in_Java, id=22244, stack(0x000000b6b0200000,0x000000b6b0300000)]
  0x0000029a1d2612b0 JavaThread "ParallelDescriptorResolver-0-4" daemon [_thread_in_Java, id=36704, stack(0x000000b6b0300000,0x000000b6b0400000)]

Other Threads:
  0x0000029a7efbec00 VMThread "VM Thread" [stack: 0x000000b6acd00000,0x000000b6ace00000] [id=36292]
  0x0000029a190636a0 WatcherThread [stack: 0x000000b6ad900000,0x000000b6ada00000] [id=23252]
  0x0000029a7ef2bba0 GCTaskThread "GC Thread#0" [stack: 0x000000b6acc00000,0x000000b6acd00000] [id=36032]
  0x0000029a1a571a70 GCTaskThread "GC Thread#1" [stack: 0x000000b6ada00000,0x000000b6adb00000] [id=18596]
  0x0000029a1a347060 GCTaskThread "GC Thread#2" [stack: 0x000000b6adb00000,0x000000b6adc00000] [id=39532]
  0x0000029a1a347320 GCTaskThread "GC Thread#3" [stack: 0x000000b6adc00000,0x000000b6add00000] [id=37580]
  0x0000029a1a3556e0 GCTaskThread "GC Thread#4" [stack: 0x000000b6add00000,0x000000b6ade00000] [id=16288]
  0x0000029a1a3559a0 GCTaskThread "GC Thread#5" [stack: 0x000000b6ade00000,0x000000b6adf00000] [id=4132]
  0x0000029a1a355c60 GCTaskThread "GC Thread#6" [stack: 0x000000b6adf00000,0x000000b6ae000000] [id=31688]
  0x0000029a1a0bac00 GCTaskThread "GC Thread#7" [stack: 0x000000b6ae300000,0x000000b6ae400000] [id=22828]

Threads with active compile tasks:
C2 CompilerThread0    32139 6895       4       jdk.internal.jimage.ImageReader$SharedImageReader::lambda$handleModulesSubTree$1 (58 bytes)
C1 CompilerThread0    32139 8564       2       java.lang.invoke.InvokerBytecodeGenerator::lookupPregenerated (291 bytes)

VM state: not at safepoint (normal execution)

VM Mutex/Monitor currently owned by a thread: None

Heap address: 0x00000000c0000000, size: 1024 MB, Compressed Oops mode: 32-bit

CDS archive(s) not mapped
Compressed class space mapped at: 0x0000000100000000-0x0000000140000000, reserved size: 1073741824
Narrow klass base: 0x0000000000000000, Narrow klass shift: 3, Narrow klass range: 0x140000000

GC Precious Log:
 CPUs: 8 total, 8 available
 Memory: 8025M
 Large Page Support: Disabled
 NUMA Support: Disabled
 Compressed Oops: Enabled (32-bit)
 Alignments: Space 512K, Generation 512K, Heap 2M
 Heap Min Capacity: 100M
 Heap Initial Capacity: 100M
 Heap Max Capacity: 1G
 Pre-touch: Disabled
 Parallel Workers: 8

Heap:
 PSYoungGen      total 15360K, used 15323K [0x00000000eab00000, 0x00000000ebc80000, 0x0000000100000000)
  eden space 14848K, 99% used [0x00000000eab00000,0x00000000eb97efb8,0x00000000eb980000)
  from space 512K, 93% used [0x00000000ebb80000,0x00000000ebbf8010,0x00000000ebc00000)
  to   space 1536K, 0% used [0x00000000eb980000,0x00000000eb980000,0x00000000ebb00000)
 ParOldGen       total 68608K, used 46249K [0x00000000c0000000, 0x00000000c4300000, 0x00000000eab00000)
  object space 68608K, 67% used [0x00000000c0000000,0x00000000c2d2a7f8,0x00000000c4300000)
 Metaspace       used 60153K, committed 61376K, reserved 1114112K
  class space    used 6479K, committed 7040K, reserved 1048576K

Card table byte_map: [0x0000029a7e8a0000,0x0000029a7eab0000] _byte_map_base: 0x0000029a7e2a0000

Marking Bits: (ParMarkBitMap*) 0x00007ffdb988d7d0
 Begin Bits: [0x0000029a11be0000, 0x0000029a12be0000)
 End Bits:   [0x0000029a12be0000, 0x0000029a13be0000)

Polling page: 0x0000029a7ce70000

Metaspace:

Usage:
  Non-class:     52.42 MB used.
      Class:      6.33 MB used.
       Both:     58.74 MB used.

Virtual space:
  Non-class space:       64.00 MB reserved,      53.06 MB ( 83%) committed,  1 nodes.
      Class space:        1.00 GB reserved,       6.88 MB ( <1%) committed,  1 nodes.
             Both:        1.06 GB reserved,      59.94 MB (  6%) committed. 

Chunk freelists:
   Non-Class:  10.04 MB
       Class:  9.17 MB
        Both:  19.21 MB

MaxMetaspaceSize: unlimited
CompressedClassSpaceSize: 1.00 GB
Initial GC threshold: 21.00 MB
Current GC threshold: 97.31 MB
CDS: off
MetaspaceReclaimPolicy: balanced
 - commit_granule_bytes: 65536.
 - commit_granule_words: 8192.
 - virtual_space_node_default_size: 8388608.
 - enlarge_chunks_in_place: 1.
 - new_chunks_are_fully_committed: 0.
 - uncommit_free_chunks: 1.
 - use_allocation_guard: 0.
 - handle_deallocations: 1.


Internal statistics:

num_allocs_failed_limit: 9.
num_arena_births: 796.
num_arena_deaths: 14.
num_vsnodes_births: 2.
num_vsnodes_deaths: 0.
num_space_committed: 959.
num_space_uncommitted: 0.
num_chunks_returned_to_freelist: 23.
num_chunks_taken_from_freelist: 3221.
num_chunk_merges: 14.
num_chunk_splits: 1985.
num_chunks_enlarged: 1151.
num_inconsistent_stats: 0.

CodeHeap 'non-profiled nmethods': size=120000Kb used=3944Kb max_used=3944Kb free=116055Kb
 bounds [0x0000029a0a6b0000, 0x0000029a0aa90000, 0x0000029a11be0000]
CodeHeap 'profiled nmethods': size=120000Kb used=15720Kb max_used=15720Kb free=104279Kb
 bounds [0x0000029a02be0000, 0x0000029a03b40000, 0x0000029a0a110000]
CodeHeap 'non-nmethods': size=5760Kb used=1322Kb max_used=1387Kb free=4438Kb
 bounds [0x0000029a0a110000, 0x0000029a0a380000, 0x0000029a0a6b0000]
 total_blobs=8364 nmethods=7702 adapters=576
 compilation: enabled
              stopped_count=0, restarted_count=0
 full_count=0

Compilation events (20 events):
Event: 32.011 Thread 0x0000029a18dd1490 nmethod 8553 0x0000029a03b34e10 code [0x0000029a03b35020, 0x0000029a03b35868]
Event: 32.011 Thread 0x0000029a18dd1490 8555       3       org.apache.maven.model.merge.ModelMerger::mergePlugin_GroupId (41 bytes)
Event: 32.012 Thread 0x0000029a18dd1490 nmethod 8555 0x0000029a03b35b10 code [0x0000029a03b35ce0, 0x0000029a03b360b8]
Event: 32.012 Thread 0x0000029a18dd1490 8556       3       org.apache.maven.model.merge.ModelMerger::mergePlugin_ArtifactId (41 bytes)
Event: 32.012 Thread 0x0000029a18dd1490 nmethod 8556 0x0000029a03b36210 code [0x0000029a03b363e0, 0x0000029a03b367b8]
Event: 32.012 Thread 0x0000029a18dd1490 8557       3       org.apache.maven.model.merge.ModelMerger::mergePlugin_Version (41 bytes)
Event: 32.012 Thread 0x0000029a18dd1490 nmethod 8557 0x0000029a03b36910 code [0x0000029a03b36ae0, 0x0000029a03b36eb8]
Event: 32.012 Thread 0x0000029a18dd1490 8554       1       org.apache.maven.model.ReportPlugin::getVersion (5 bytes)
Event: 32.012 Thread 0x0000029a18dd1490 nmethod 8554 0x0000029a0aa83790 code [0x0000029a0aa83920, 0x0000029a0aa839f8]
Event: 32.012 Thread 0x0000029a18dd1490 8550       1       org.apache.maven.model.DistributionManagement::getSite (5 bytes)
Event: 32.013 Thread 0x0000029a18dd1490 nmethod 8550 0x0000029a0aa83a90 code [0x0000029a0aa83c20, 0x0000029a0aa83cf8]
Event: 32.016 Thread 0x0000029a18dd1490 8559       2       java.io.InputStream::readNBytes (53 bytes)
Event: 32.016 Thread 0x0000029a18dd1490 nmethod 8559 0x0000029a03b37010 code [0x0000029a03b371c0, 0x0000029a03b37438]
Event: 32.027 Thread 0x0000029a18dd1490 8560       2       java.util.jar.JarFile::<init> (95 bytes)
Event: 32.028 Thread 0x0000029a18dd1490 nmethod 8560 0x0000029a03b37610 code [0x0000029a03b37840, 0x0000029a03b37d48]
Event: 32.029 Thread 0x0000029a18dd1490 8561   !   2       sun.net.www.protocol.jar.Handler::parseAbsoluteSpec (85 bytes)
Event: 32.030 Thread 0x0000029a18dd1490 nmethod 8561 0x0000029a03b38090 code [0x0000029a03b38300, 0x0000029a03b388b8]
Event: 32.030 Thread 0x0000029a18dd1490 8562   !   2       java.util.jar.JarFile::getBytes (218 bytes)
Event: 32.032 Thread 0x0000029a18dd1490 nmethod 8562 0x0000029a03b38c90 code [0x0000029a03b38fa0, 0x0000029a03b398b8]
Event: 32.048 Thread 0x0000029a18dd1490 8564       2       java.lang.invoke.InvokerBytecodeGenerator::lookupPregenerated (291 bytes)

GC Heap History (20 events):
Event: 29.113 GC heap before
{Heap before GC invocations=30 (full 2):
 PSYoungGen      total 16384K, used 16144K [0x00000000eab00000, 0x00000000ec000000, 0x0000000100000000)
  eden space 14848K, 100% used [0x00000000eab00000,0x00000000eb980000,0x00000000eb980000)
  from space 1536K, 84% used [0x00000000eb980000,0x00000000ebac4010,0x00000000ebb00000)
  to   space 3072K, 0% used [0x00000000ebd00000,0x00000000ebd00000,0x00000000ec000000)
 ParOldGen       total 68608K, used 38041K [0x00000000c0000000, 0x00000000c4300000, 0x00000000eab00000)
  object space 68608K, 55% used [0x00000000c0000000,0x00000000c2526580,0x00000000c4300000)
 Metaspace       used 56349K, committed 57536K, reserved 1114112K
  class space    used 6029K, committed 6592K, reserved 1048576K
}
Event: 29.117 GC heap after
{Heap after GC invocations=30 (full 2):
 PSYoungGen      total 16896K, used 1856K [0x00000000eab00000, 0x00000000ebf00000, 0x0000000100000000)
  eden space 14848K, 0% used [0x00000000eab00000,0x00000000eab00000,0x00000000eb980000)
  from space 2048K, 90% used [0x00000000ebd00000,0x00000000ebed0040,0x00000000ebf00000)
  to   space 2048K, 0% used [0x00000000ebb00000,0x00000000ebb00000,0x00000000ebd00000)
 ParOldGen       total 68608K, used 39173K [0x00000000c0000000, 0x00000000c4300000, 0x00000000eab00000)
  object space 68608K, 57% used [0x00000000c0000000,0x00000000c2641520,0x00000000c4300000)
 Metaspace       used 56349K, committed 57536K, reserved 1114112K
  class space    used 6029K, committed 6592K, reserved 1048576K
}
Event: 29.383 GC heap before
{Heap before GC invocations=31 (full 2):
 PSYoungGen      total 16896K, used 16704K [0x00000000eab00000, 0x00000000ebf00000, 0x0000000100000000)
  eden space 14848K, 100% used [0x00000000eab00000,0x00000000eb980000,0x00000000eb980000)
  from space 2048K, 90% used [0x00000000ebd00000,0x00000000ebed0040,0x00000000ebf00000)
  to   space 2048K, 0% used [0x00000000ebb00000,0x00000000ebb00000,0x00000000ebd00000)
 ParOldGen       total 68608K, used 39173K [0x00000000c0000000, 0x00000000c4300000, 0x00000000eab00000)
  object space 68608K, 57% used [0x00000000c0000000,0x00000000c2641520,0x00000000c4300000)
 Metaspace       used 56466K, committed 57664K, reserved 1114112K
  class space    used 6032K, committed 6592K, reserved 1048576K
}
Event: 29.388 GC heap after
{Heap after GC invocations=31 (full 2):
 PSYoungGen      total 16896K, used 1824K [0x00000000eab00000, 0x00000000ebd80000, 0x0000000100000000)
  eden space 14848K, 0% used [0x00000000eab00000,0x00000000eab00000,0x00000000eb980000)
  from space 2048K, 89% used [0x00000000ebb00000,0x00000000ebcc8010,0x00000000ebd00000)
  to   space 512K, 0% used [0x00000000ebd00000,0x00000000ebd00000,0x00000000ebd80000)
 ParOldGen       total 68608K, used 40817K [0x00000000c0000000, 0x00000000c4300000, 0x00000000eab00000)
  object space 68608K, 59% used [0x00000000c0000000,0x00000000c27dc570,0x00000000c4300000)
 Metaspace       used 56466K, committed 57664K, reserved 1114112K
  class space    used 6032K, committed 6592K, reserved 1048576K
}
Event: 29.550 GC heap before
{Heap before GC invocations=32 (full 2):
 PSYoungGen      total 16896K, used 16672K [0x00000000eab00000, 0x00000000ebd80000, 0x0000000100000000)
  eden space 14848K, 100% used [0x00000000eab00000,0x00000000eb980000,0x00000000eb980000)
  from space 2048K, 89% used [0x00000000ebb00000,0x00000000ebcc8010,0x00000000ebd00000)
  to   space 512K, 0% used [0x00000000ebd00000,0x00000000ebd00000,0x00000000ebd80000)
 ParOldGen       total 68608K, used 40817K [0x00000000c0000000, 0x00000000c4300000, 0x00000000eab00000)
  object space 68608K, 59% used [0x00000000c0000000,0x00000000c27dc570,0x00000000c4300000)
 Metaspace       used 56509K, committed 57728K, reserved 1114112K
  class space    used 6032K, committed 6592K, reserved 1048576K
}
Event: 29.554 GC heap after
{Heap after GC invocations=32 (full 2):
 PSYoungGen      total 15360K, used 512K [0x00000000eab00000, 0x00000000ec080000, 0x0000000100000000)
  eden space 14848K, 0% used [0x00000000eab00000,0x00000000eab00000,0x00000000eb980000)
  from space 512K, 100% used [0x00000000ebd00000,0x00000000ebd80000,0x00000000ebd80000)
  to   space 3584K, 0% used [0x00000000eb980000,0x00000000eb980000,0x00000000ebd00000)
 ParOldGen       total 68608K, used 43475K [0x00000000c0000000, 0x00000000c4300000, 0x00000000eab00000)
  object space 68608K, 63% used [0x00000000c0000000,0x00000000c2a74ca8,0x00000000c4300000)
 Metaspace       used 56509K, committed 57728K, reserved 1114112K
  class space    used 6032K, committed 6592K, reserved 1048576K
}
Event: 29.722 GC heap before
{Heap before GC invocations=33 (full 2):
 PSYoungGen      total 15360K, used 15360K [0x00000000eab00000, 0x00000000ec080000, 0x0000000100000000)
  eden space 14848K, 100% used [0x00000000eab00000,0x00000000eb980000,0x00000000eb980000)
  from space 512K, 100% used [0x00000000ebd00000,0x00000000ebd80000,0x00000000ebd80000)
  to   space 3584K, 0% used [0x00000000eb980000,0x00000000eb980000,0x00000000ebd00000)
 ParOldGen       total 68608K, used 43475K [0x00000000c0000000, 0x00000000c4300000, 0x00000000eab00000)
  object space 68608K, 63% used [0x00000000c0000000,0x00000000c2a74ca8,0x00000000c4300000)
 Metaspace       used 56575K, committed 57792K, reserved 1114112K
  class space    used 6032K, committed 6592K, reserved 1048576K
}
Event: 29.725 GC heap after
{Heap after GC invocations=33 (full 2):
 PSYoungGen      total 16896K, used 1568K [0x00000000eab00000, 0x00000000ebe80000, 0x0000000100000000)
  eden space 14848K, 0% used [0x00000000eab00000,0x00000000eab00000,0x00000000eb980000)
  from space 2048K, 76% used [0x00000000eb980000,0x00000000ebb08010,0x00000000ebb80000)
  to   space 2560K, 0% used [0x00000000ebc00000,0x00000000ebc00000,0x00000000ebe80000)
 ParOldGen       total 68608K, used 44035K [0x00000000c0000000, 0x00000000c4300000, 0x00000000eab00000)
  object space 68608K, 64% used [0x00000000c0000000,0x00000000c2b00ca8,0x00000000c4300000)
 Metaspace       used 56575K, committed 57792K, reserved 1114112K
  class space    used 6032K, committed 6592K, reserved 1048576K
}
Event: 30.082 GC heap before
{Heap before GC invocations=34 (full 2):
 PSYoungGen      total 16896K, used 16413K [0x00000000eab00000, 0x00000000ebe80000, 0x0000000100000000)
  eden space 14848K, 99% used [0x00000000eab00000,0x00000000eb97f4e0,0x00000000eb980000)
  from space 2048K, 76% used [0x00000000eb980000,0x00000000ebb08010,0x00000000ebb80000)
  to   space 2560K, 0% used [0x00000000ebc00000,0x00000000ebc00000,0x00000000ebe80000)
 ParOldGen       total 68608K, used 44035K [0x00000000c0000000, 0x00000000c4300000, 0x00000000eab00000)
  object space 68608K, 64% used [0x00000000c0000000,0x00000000c2b00ca8,0x00000000c4300000)
 Metaspace       used 57857K, committed 59008K, reserved 1114112K
  class space    used 6191K, committed 6720K, reserved 1048576K
}
Event: 30.086 GC heap after
{Heap after GC invocations=34 (full 2):
 PSYoungGen      total 16384K, used 1319K [0x00000000eab00000, 0x00000000ebd80000, 0x0000000100000000)
  eden space 14848K, 0% used [0x00000000eab00000,0x00000000eab00000,0x00000000eb980000)
  from space 1536K, 85% used [0x00000000ebc00000,0x00000000ebd49d48,0x00000000ebd80000)
  to   space 1536K, 0% used [0x00000000eba80000,0x00000000eba80000,0x00000000ebc00000)
 ParOldGen       total 68608K, used 45450K [0x00000000c0000000, 0x00000000c4300000, 0x00000000eab00000)
  object space 68608K, 66% used [0x00000000c0000000,0x00000000c2c62860,0x00000000c4300000)
 Metaspace       used 57857K, committed 59008K, reserved 1114112K
  class space    used 6191K, committed 6720K, reserved 1048576K
}
Event: 30.500 GC heap before
{Heap before GC invocations=35 (full 2):
 PSYoungGen      total 16384K, used 16151K [0x00000000eab00000, 0x00000000ebd80000, 0x0000000100000000)
  eden space 14848K, 99% used [0x00000000eab00000,0x00000000eb97c210,0x00000000eb980000)
  from space 1536K, 85% used [0x00000000ebc00000,0x00000000ebd49d48,0x00000000ebd80000)
  to   space 1536K, 0% used [0x00000000eba80000,0x00000000eba80000,0x00000000ebc00000)
 ParOldGen       total 68608K, used 45450K [0x00000000c0000000, 0x00000000c4300000, 0x00000000eab00000)
  object space 68608K, 66% used [0x00000000c0000000,0x00000000c2c62860,0x00000000c4300000)
 Metaspace       used 58586K, committed 59712K, reserved 1114112K
  class space    used 6276K, committed 6784K, reserved 1048576K
}
Event: 30.503 GC heap after
{Heap after GC invocations=35 (full 2):
 PSYoungGen      total 15872K, used 787K [0x00000000eab00000, 0x00000000ebc80000, 0x0000000100000000)
  eden space 14848K, 0% used [0x00000000eab00000,0x00000000eab00000,0x00000000eb980000)
  from space 1024K, 76% used [0x00000000eba80000,0x00000000ebb44f88,0x00000000ebb80000)
  to   space 1024K, 0% used [0x00000000ebb80000,0x00000000ebb80000,0x00000000ebc80000)
 ParOldGen       total 68608K, used 46567K [0x00000000c0000000, 0x00000000c4300000, 0x00000000eab00000)
  object space 68608K, 67% used [0x00000000c0000000,0x00000000c2d79ea8,0x00000000c4300000)
 Metaspace       used 58586K, committed 59712K, reserved 1114112K
  class space    used 6276K, committed 6784K, reserved 1048576K
}
Event: 30.694 GC heap before
{Heap before GC invocations=36 (full 2):
 PSYoungGen      total 15872K, used 7414K [0x00000000eab00000, 0x00000000ebc80000, 0x0000000100000000)
  eden space 14848K, 44% used [0x00000000eab00000,0x00000000eb178960,0x00000000eb980000)
  from space 1024K, 76% used [0x00000000eba80000,0x00000000ebb44f88,0x00000000ebb80000)
  to   space 1024K, 0% used [0x00000000ebb80000,0x00000000ebb80000,0x00000000ebc80000)
 ParOldGen       total 68608K, used 46567K [0x00000000c0000000, 0x00000000c4300000, 0x00000000eab00000)
  object space 68608K, 67% used [0x00000000c0000000,0x00000000c2d79ea8,0x00000000c4300000)
 Metaspace       used 58646K, committed 59776K, reserved 1114112K
  class space    used 6284K, committed 6784K, reserved 1048576K
}
Event: 30.697 GC heap after
{Heap after GC invocations=36 (full 2):
 PSYoungGen      total 15872K, used 832K [0x00000000eab00000, 0x00000000ebc80000, 0x0000000100000000)
  eden space 14848K, 0% used [0x00000000eab00000,0x00000000eab00000,0x00000000eb980000)
  from space 1024K, 81% used [0x00000000ebb80000,0x00000000ebc50000,0x00000000ebc80000)
  to   space 1024K, 0% used [0x00000000eba80000,0x00000000eba80000,0x00000000ebb80000)
 ParOldGen       total 68608K, used 47228K [0x00000000c0000000, 0x00000000c4300000, 0x00000000eab00000)
  object space 68608K, 68% used [0x00000000c0000000,0x00000000c2e1f0f0,0x00000000c4300000)
 Metaspace       used 58646K, committed 59776K, reserved 1114112K
  class space    used 6284K, committed 6784K, reserved 1048576K
}
Event: 30.697 GC heap before
{Heap before GC invocations=37 (full 3):
 PSYoungGen      total 15872K, used 832K [0x00000000eab00000, 0x00000000ebc80000, 0x0000000100000000)
  eden space 14848K, 0% used [0x00000000eab00000,0x00000000eab00000,0x00000000eb980000)
  from space 1024K, 81% used [0x00000000ebb80000,0x00000000ebc50000,0x00000000ebc80000)
  to   space 1024K, 0% used [0x00000000eba80000,0x00000000eba80000,0x00000000ebb80000)
 ParOldGen       total 68608K, used 47228K [0x00000000c0000000, 0x00000000c4300000, 0x00000000eab00000)
  object space 68608K, 68% used [0x00000000c0000000,0x00000000c2e1f0f0,0x00000000c4300000)
 Metaspace       used 58646K, committed 59776K, reserved 1114112K
  class space    used 6284K, committed 6784K, reserved 1048576K
}
Event: 30.842 GC heap after
{Heap after GC invocations=37 (full 3):
 PSYoungGen      total 15872K, used 0K [0x00000000eab00000, 0x00000000ebc80000, 0x0000000100000000)
  eden space 14848K, 0% used [0x00000000eab00000,0x00000000eab00000,0x00000000eb980000)
  from space 1024K, 0% used [0x00000000ebb80000,0x00000000ebb80000,0x00000000ebc80000)
  to   space 1024K, 0% used [0x00000000eba80000,0x00000000eba80000,0x00000000ebb80000)
 ParOldGen       total 68608K, used 45508K [0x00000000c0000000, 0x00000000c4300000, 0x00000000eab00000)
  object space 68608K, 66% used [0x00000000c0000000,0x00000000c2c71100,0x00000000c4300000)
 Metaspace       used 58646K, committed 59776K, reserved 1114112K
  class space    used 6284K, committed 6784K, reserved 1048576K
}
Event: 31.164 GC heap before
{Heap before GC invocations=38 (full 3):
 PSYoungGen      total 15872K, used 14848K [0x00000000eab00000, 0x00000000ebc80000, 0x0000000100000000)
  eden space 14848K, 100% used [0x00000000eab00000,0x00000000eb980000,0x00000000eb980000)
  from space 1024K, 0% used [0x00000000ebb80000,0x00000000ebb80000,0x00000000ebc80000)
  to   space 1024K, 0% used [0x00000000eba80000,0x00000000eba80000,0x00000000ebb80000)
 ParOldGen       total 68608K, used 45508K [0x00000000c0000000, 0x00000000c4300000, 0x00000000eab00000)
  object space 68608K, 66% used [0x00000000c0000000,0x00000000c2c71100,0x00000000c4300000)
 Metaspace       used 58858K, committed 60032K, reserved 1114112K
  class space    used 6320K, committed 6848K, reserved 1048576K
}
Event: 31.165 GC heap after
{Heap after GC invocations=38 (full 3):
 PSYoungGen      total 15872K, used 640K [0x00000000eab00000, 0x00000000ebc00000, 0x0000000100000000)
  eden space 14848K, 0% used [0x00000000eab00000,0x00000000eab00000,0x00000000eb980000)
  from space 1024K, 62% used [0x00000000eba80000,0x00000000ebb20000,0x00000000ebb80000)
  to   space 512K, 0% used [0x00000000ebb80000,0x00000000ebb80000,0x00000000ebc00000)
 ParOldGen       total 68608K, used 45516K [0x00000000c0000000, 0x00000000c4300000, 0x00000000eab00000)
  object space 68608K, 66% used [0x00000000c0000000,0x00000000c2c73100,0x00000000c4300000)
 Metaspace       used 58858K, committed 60032K, reserved 1114112K
  class space    used 6320K, committed 6848K, reserved 1048576K
}
Event: 31.544 GC heap before
{Heap before GC invocations=39 (full 3):
 PSYoungGen      total 15872K, used 15488K [0x00000000eab00000, 0x00000000ebc00000, 0x0000000100000000)
  eden space 14848K, 100% used [0x00000000eab00000,0x00000000eb980000,0x00000000eb980000)
  from space 1024K, 62% used [0x00000000eba80000,0x00000000ebb20000,0x00000000ebb80000)
  to   space 512K, 0% used [0x00000000ebb80000,0x00000000ebb80000,0x00000000ebc00000)
 ParOldGen       total 68608K, used 45516K [0x00000000c0000000, 0x00000000c4300000, 0x00000000eab00000)
  object space 68608K, 66% used [0x00000000c0000000,0x00000000c2c73100,0x00000000c4300000)
 Metaspace       used 59610K, committed 60736K, reserved 1114112K
  class space    used 6405K, committed 6912K, reserved 1048576K
}
Event: 31.546 GC heap after
{Heap after GC invocations=39 (full 3):
 PSYoungGen      total 15360K, used 480K [0x00000000eab00000, 0x00000000ebc80000, 0x0000000100000000)
  eden space 14848K, 0% used [0x00000000eab00000,0x00000000eab00000,0x00000000eb980000)
  from space 512K, 93% used [0x00000000ebb80000,0x00000000ebbf8010,0x00000000ebc00000)
  to   space 1536K, 0% used [0x00000000eb980000,0x00000000eb980000,0x00000000ebb00000)
 ParOldGen       total 68608K, used 46249K [0x00000000c0000000, 0x00000000c4300000, 0x00000000eab00000)
  object space 68608K, 67% used [0x00000000c0000000,0x00000000c2d2a7f8,0x00000000c4300000)
 Metaspace       used 59610K, committed 60736K, reserved 1114112K
  class space    used 6405K, committed 6912K, reserved 1048576K
}

Dll operation events (10 events):
Event: 0.069 Loaded shared library c:\Users\keitt\.vscode\extensions\redhat.java-1.30.0-win32-x64\jre\17.0.10-win32-x86_64\bin\java.dll
Event: 0.464 Loaded shared library c:\Users\keitt\.vscode\extensions\redhat.java-1.30.0-win32-x64\jre\17.0.10-win32-x86_64\bin\zip.dll
Event: 0.469 Loaded shared library C:\Users\keitt\.vscode\extensions\redhat.java-1.30.0-win32-x64\jre\17.0.10-win32-x86_64\bin\instrument.dll
Event: 0.494 Loaded shared library C:\Users\keitt\.vscode\extensions\redhat.java-1.30.0-win32-x64\jre\17.0.10-win32-x86_64\bin\net.dll
Event: 0.498 Loaded shared library C:\Users\keitt\.vscode\extensions\redhat.java-1.30.0-win32-x64\jre\17.0.10-win32-x86_64\bin\nio.dll
Event: 0.511 Loaded shared library C:\Users\keitt\.vscode\extensions\redhat.java-1.30.0-win32-x64\jre\17.0.10-win32-x86_64\bin\zip.dll
Event: 0.542 Loaded shared library C:\Users\keitt\.vscode\extensions\redhat.java-1.30.0-win32-x64\jre\17.0.10-win32-x86_64\bin\jimage.dll
Event: 0.744 Loaded shared library c:\Users\keitt\.vscode\extensions\redhat.java-1.30.0-win32-x64\jre\17.0.10-win32-x86_64\bin\verify.dll
Event: 4.677 Loaded shared library C:\Users\keitt\AppData\Roaming\Code\User\globalStorage\redhat.java\1.30.0\config_win\org.eclipse.equinox.launcher\org.eclipse.equinox.launcher.win32.win32.x86_64_1.2.900.v20240213-1244\eclipse_11900.dll
Event: 21.301 Loaded shared library C:\Users\keitt\AppData\Local\Temp\jna-101930255\jna12734948744755156283.dll

Deoptimization events (20 events):
Event: 31.445 Thread 0x0000029a1a2994c0 Uncommon trap: trap_request=0xffffffc6 fr.pc=0x0000029a0a82212c relative=0x00000000000001ec
Event: 31.445 Thread 0x0000029a1a2994c0 Uncommon trap: reason=bimorphic_or_optimized_type_check action=maybe_recompile pc=0x0000029a0a82212c method=java.io.BufferedInputStream.read1([BII)I @ 39 c2
Event: 31.445 Thread 0x0000029a1a2994c0 DEOPT PACKING pc=0x0000029a0a82212c sp=0x000000b6ae9fcc30
Event: 31.445 Thread 0x0000029a1a2994c0 DEOPT UNPACKING pc=0x0000029a0a1666a3 sp=0x000000b6ae9fcbb8 mode 2
Event: 31.445 Thread 0x0000029a1a2994c0 Uncommon trap: trap_request=0xffffffc6 fr.pc=0x0000029a0a82212c relative=0x00000000000001ec
Event: 31.445 Thread 0x0000029a1a2994c0 Uncommon trap: reason=bimorphic_or_optimized_type_check action=maybe_recompile pc=0x0000029a0a82212c method=java.io.BufferedInputStream.read1([BII)I @ 39 c2
Event: 31.445 Thread 0x0000029a1a2994c0 DEOPT PACKING pc=0x0000029a0a82212c sp=0x000000b6ae9fcbf0
Event: 31.445 Thread 0x0000029a1a2994c0 DEOPT UNPACKING pc=0x0000029a0a1666a3 sp=0x000000b6ae9fcb78 mode 2
Event: 31.499 Thread 0x0000029a1a2994c0 Uncommon trap: trap_request=0xffffff45 fr.pc=0x0000029a0aa38f48 relative=0x00000000000015a8
Event: 31.499 Thread 0x0000029a1a2994c0 Uncommon trap: reason=unstable_if action=reinterpret pc=0x0000029a0aa38f48 method=org.codehaus.plexus.util.xml.pull.MXParser.nextImpl()I @ 854 c2
Event: 31.499 Thread 0x0000029a1a2994c0 DEOPT PACKING pc=0x0000029a0aa38f48 sp=0x000000b6ae9fdf60
Event: 31.499 Thread 0x0000029a1a2994c0 DEOPT UNPACKING pc=0x0000029a0a1666a3 sp=0x000000b6ae9fdf08 mode 2
Event: 31.615 Thread 0x0000029a1d25cbd0 DEOPT PACKING pc=0x0000029a03a33fc5 sp=0x000000b6af7facf0
Event: 31.615 Thread 0x0000029a1d25cbd0 DEOPT UNPACKING pc=0x0000029a0a166e43 sp=0x000000b6af7fa1a0 mode 0
Event: 31.646 Thread 0x0000029a1d25cbd0 DEOPT PACKING pc=0x0000029a03a33fc5 sp=0x000000b6af7fb840
Event: 31.646 Thread 0x0000029a1d25cbd0 DEOPT UNPACKING pc=0x0000029a0a166e43 sp=0x000000b6af7facf0 mode 0
Event: 31.668 Thread 0x0000029a1d25cbd0 DEOPT PACKING pc=0x0000029a03a33fc5 sp=0x000000b6af7fb840
Event: 31.668 Thread 0x0000029a1d25cbd0 DEOPT UNPACKING pc=0x0000029a0a166e43 sp=0x000000b6af7facf0 mode 0
Event: 31.728 Thread 0x0000029a1d25cbd0 DEOPT PACKING pc=0x0000029a03a33fc5 sp=0x000000b6af7fc050
Event: 31.728 Thread 0x0000029a1d25cbd0 DEOPT UNPACKING pc=0x0000029a0a166e43 sp=0x000000b6af7fb500 mode 0

Classes unloaded (7 events):
Event: 15.451 Thread 0x0000029a7efbec00 Unloading class 0x0000000100258400 'java/lang/invoke/LambdaForm$MH+0x0000000100258400'
Event: 15.490 Thread 0x0000029a7efbec00 Unloading class 0x0000000100258000 'java/lang/invoke/LambdaForm$MH+0x0000000100258000'
Event: 15.490 Thread 0x0000029a7efbec00 Unloading class 0x0000000100257c00 'java/lang/invoke/LambdaForm$MH+0x0000000100257c00'
Event: 15.490 Thread 0x0000029a7efbec00 Unloading class 0x0000000100257800 'java/lang/invoke/LambdaForm$MH+0x0000000100257800'
Event: 15.490 Thread 0x0000029a7efbec00 Unloading class 0x0000000100257400 'java/lang/invoke/LambdaForm$BMH+0x0000000100257400'
Event: 15.490 Thread 0x0000029a7efbec00 Unloading class 0x0000000100257000 'java/lang/invoke/LambdaForm$DMH+0x0000000100257000'
Event: 15.490 Thread 0x0000029a7efbec00 Unloading class 0x0000000100254400 'java/lang/invoke/LambdaForm$DMH+0x0000000100254400'

Classes redefined (0 events):
No events

Internal exceptions (20 events):
Event: 26.169 Thread 0x0000029a1a29a3f0 Exception <a 'java/lang/IncompatibleClassChangeError'{0x00000000eb86db90}: Found class java.lang.Object, but interface was expected> (0x00000000eb86db90) 
thrown [s\src\hotspot\share\interpreter\linkResolver.cpp, line 826]
Event: 26.330 Thread 0x0000029a1a29a3f0 Exception <a 'java/lang/NoSuchMethodError'{0x00000000ebc0f4c8}: 'java.lang.Object java.lang.invoke.Invokers$Holder.invoke_MT(java.lang.Object, java.lang.Object, java.lang.Object)'> (0x00000000ebc0f4c8) 
thrown [s\src\hotspot\share\interpreter\linkResolver.cpp, line 759]
Event: 27.162 Thread 0x0000029a1a29a3f0 Exception <a 'java/io/FileNotFoundException'{0x00000000eac41060}> (0x00000000eac41060) 
thrown [s\src\hotspot\share\prims\jni.cpp, line 516]
Event: 27.163 Thread 0x0000029a1a29a3f0 Exception <a 'java/io/FileNotFoundException'{0x00000000eac425a8}> (0x00000000eac425a8) 
thrown [s\src\hotspot\share\prims\jni.cpp, line 516]
Event: 27.361 Thread 0x0000029a1a29b320 Exception <a 'java/io/FileNotFoundException'{0x00000000eb089c48}> (0x00000000eb089c48) 
thrown [s\src\hotspot\share\prims\jni.cpp, line 516]
Event: 27.362 Thread 0x0000029a1a29b320 Exception <a 'java/io/FileNotFoundException'{0x00000000eb08ac80}> (0x00000000eb08ac80) 
thrown [s\src\hotspot\share\prims\jni.cpp, line 516]
Event: 27.363 Thread 0x0000029a1a29b320 Exception <a 'java/io/FileNotFoundException'{0x00000000eb08ba08}> (0x00000000eb08ba08) 
thrown [s\src\hotspot\share\prims\jni.cpp, line 516]
Event: 28.458 Thread 0x0000029a1a29a3f0 Exception <a 'sun/nio/fs/WindowsException'{0x00000000eab9a138}> (0x00000000eab9a138) 
thrown [s\src\hotspot\share\prims\jni.cpp, line 516]
Event: 28.466 Thread 0x0000029a1a29a3f0 Exception <a 'sun/nio/fs/WindowsException'{0x00000000eabb79b0}> (0x00000000eabb79b0) 
thrown [s\src\hotspot\share\prims\jni.cpp, line 516]
Event: 28.549 Thread 0x0000029a1d25cbd0 Exception <a 'java/lang/NoSuchMethodError'{0x00000000eaf292d8}: 'java.lang.Object java.lang.invoke.DirectMethodHandle$Holder.invokeInterface(java.lang.Object, java.lang.Object, java.lang.Object)'> (0x00000000eaf292d8) 
thrown [s\src\hotspot\share\interpreter\linkResolver.cpp, line 759]
Event: 31.364 Thread 0x0000029a1a2994c0 Exception <a 'java/lang/NoSuchMethodError'{0x00000000eb247958}: 'java.lang.Object java.lang.invoke.DirectMethodHandle$Holder.newInvokeSpecial(java.lang.Object, java.lang.Object, java.lang.Object, java.lang.Object, java.lang.Object, java.lang.Object, java.lang.Object, java.lang.Object)'> (0x00000000eb247958) 
thrown [s\src\hotspot\share\interpreter\linkResolver.cpp, line 759]
Event: 31.364 Thread 0x0000029a1a2994c0 Exception <a 'java/lang/NoSuchMethodError'{0x00000000eb24c3b8}: 'java.lang.Object java.lang.invoke.Invokers$Holder.linkToTargetMethod(java.lang.Object, java.lang.Object, java.lang.Object, java.lang.Object, java.lang.Object, java.lang.Object, java.lang.Object, java.lang.Object)'> (0x00000000eb24c3b8) 
thrown [s\src\hotspot\share\interpreter\linkResolver.cpp, line 759]
Event: 31.368 Thread 0x0000029a1a2994c0 Exception <a 'java/lang/NoSuchMethodError'{0x00000000eb2957a8}: 'java.lang.Object java.lang.invoke.DirectMethodHandle$Holder.invokeStatic(java.lang.Object, java.lang.Object, int, java.lang.Object, java.lang.Object)'> (0x00000000eb2957a8) 
thrown [s\src\hotspot\share\interpreter\linkResolver.cpp, line 759]
Event: 31.373 Thread 0x0000029a1a2994c0 Exception <a 'java/lang/NoSuchMethodError'{0x00000000eb29ca30}: 'java.lang.Object java.lang.invoke.DirectMethodHandle$Holder.newInvokeSpecial(java.lang.Object, java.lang.Object, int)'> (0x00000000eb29ca30) 
thrown [s\src\hotspot\share\interpreter\linkResolver.cpp, line 759]
Event: 31.397 Thread 0x0000029a1a2994c0 Exception <a 'java/lang/NoSuchMethodError'{0x00000000eb3b5568}: 'void java.lang.invoke.DirectMethodHandle$Holder.invokeStatic(java.lang.Object, int)'> (0x00000000eb3b5568) 
thrown [s\src\hotspot\share\interpreter\linkResolver.cpp, line 759]
Event: 31.529 Thread 0x0000029a1a2994c0 Exception <a 'java/io/FileNotFoundException'{0x00000000eb8eb968}> (0x00000000eb8eb968) 
thrown [s\src\hotspot\share\prims\jni.cpp, line 516]
Event: 31.799 Thread 0x0000029a1a2994c0 Exception <a 'java/lang/NoSuchMethodError'{0x00000000eaf2b538}: 'int java.lang.invoke.DirectMethodHandle$Holder.invokeSpecialIFC(java.lang.Object, java.lang.Object, java.lang.Object)'> (0x00000000eaf2b538) 
thrown [s\src\hotspot\share\interpreter\linkResolver.cpp, line 759]
Event: 31.992 Thread 0x0000029a1a2994c0 Exception <a 'java/lang/NoSuchMethodError'{0x00000000eb3f4fb8}: 'java.lang.Object java.lang.invoke.Invokers$Holder.linkToTargetMethod(java.lang.Object, java.lang.Object, java.lang.Object, java.lang.Object, java.lang.Object, java.lang.Object, java.lang.Object)'> (0x00000000eb3f4fb8) 
thrown [s\src\hotspot\share\interpreter\linkResolver.cpp, line 759]
Event: 32.016 Thread 0x0000029a1a2994c0 Exception <a 'java/lang/NoSuchMethodError'{0x00000000eb55c280}: 'void java.lang.invoke.DirectMethodHandle$Holder.invokeInterface(java.lang.Object, java.lang.Object)'> (0x00000000eb55c280) 
thrown [s\src\hotspot\share\interpreter\linkResolver.cpp, line 759]
Event: 32.049 Thread 0x0000029a1a2994c0 Exception <a 'java/lang/NoSuchMethodError'{0x00000000eb6552d8}: 'java.lang.Object java.lang.invoke.DirectMethodHandle$Holder.newInvokeSpecial(java.lang.Object, java.lang.Object, java.lang.Object, java.lang.Object, java.lang.Object, java.lang.Object)'> (0x00000000eb6552d8) 
thrown [s\src\hotspot\share\interpreter\linkResolver.cpp, line 759]

VM Operations (20 events):
Event: 30.082 Executing VM operation: ParallelGCFailedAllocation
Event: 30.086 Executing VM operation: ParallelGCFailedAllocation done
Event: 30.229 Executing VM operation: HandshakeAllThreads
Event: 30.229 Executing VM operation: HandshakeAllThreads done
Event: 30.229 Executing VM operation: HandshakeAllThreads
Event: 30.230 Executing VM operation: HandshakeAllThreads done
Event: 30.500 Executing VM operation: ParallelGCFailedAllocation
Event: 30.504 Executing VM operation: ParallelGCFailedAllocation done
Event: 30.694 Executing VM operation: CollectForMetadataAllocation
Event: 30.842 Executing VM operation: CollectForMetadataAllocation done
Event: 31.164 Executing VM operation: ParallelGCFailedAllocation
Event: 31.165 Executing VM operation: ParallelGCFailedAllocation done
Event: 31.317 Executing VM operation: HandshakeAllThreads
Event: 31.317 Executing VM operation: HandshakeAllThreads done
Event: 31.416 Executing VM operation: HandshakeAllThreads
Event: 31.416 Executing VM operation: HandshakeAllThreads done
Event: 31.511 Executing VM operation: HandshakeAllThreads
Event: 31.511 Executing VM operation: HandshakeAllThreads done
Event: 31.544 Executing VM operation: ParallelGCFailedAllocation
Event: 31.546 Executing VM operation: ParallelGCFailedAllocation done

Events (20 events):
Event: 28.540 loading class java/util/HashMap$ValueSpliterator
Event: 28.541 loading class java/util/HashMap$ValueSpliterator done
Event: 28.543 Thread 0x0000029a1d25fe70 Thread added: 0x0000029a1d25fe70
Event: 28.728 Thread 0x0000029a1d260380 Thread added: 0x0000029a1d260380
Event: 29.759 loading class sun/nio/cs/ThreadLocalCoders
Event: 29.760 loading class sun/nio/cs/ThreadLocalCoders done
Event: 29.760 loading class sun/nio/cs/ThreadLocalCoders$1
Event: 29.760 loading class sun/nio/cs/ThreadLocalCoders$Cache
Event: 29.760 loading class sun/nio/cs/ThreadLocalCoders$Cache done
Event: 29.760 loading class sun/nio/cs/ThreadLocalCoders$1 done
Event: 29.760 loading class sun/nio/cs/ThreadLocalCoders$2
Event: 29.760 loading class sun/nio/cs/ThreadLocalCoders$2 done
Event: 29.842 Thread 0x0000029a1d25e520 Thread added: 0x0000029a1d25e520
Event: 30.241 Thread 0x0000029a18dd4160 flushing nmethod 0x0000029a034b5390
Event: 31.273 loading class java/util/Vector$1
Event: 31.273 loading class java/util/Vector$1 done
Event: 31.312 loading class java/util/Collections$2
Event: 31.312 loading class java/util/Collections$2 done
Event: 31.980 loading class java/util/LinkedList$LLSpliterator
Event: 31.981 loading class java/util/LinkedList$LLSpliterator done


Dynamic libraries:
0x00007ff683cb0000 - 0x00007ff683cbe000 	c:\Users\keitt\.vscode\extensions\redhat.java-1.30.0-win32-x64\jre\17.0.10-win32-x86_64\bin\java.exe
0x00007ffe17030000 - 0x00007ffe17247000 	C:\WINDOWS\SYSTEM32\ntdll.dll
0x00007ffddc7e0000 - 0x00007ffddc7f9000 	C:\Program Files\Avast Software\Avast\aswhook.dll
0x00007ffe159b0000 - 0x00007ffe15a74000 	C:\WINDOWS\System32\KERNEL32.DLL
0x00007ffe146b0000 - 0x00007ffe14a57000 	C:\WINDOWS\System32\KERNELBASE.dll
0x00007ffe14bc0000 - 0x00007ffe14cd1000 	C:\WINDOWS\System32\ucrtbase.dll
0x00007ffe0ebf0000 - 0x00007ffe0ec07000 	c:\Users\keitt\.vscode\extensions\redhat.java-1.30.0-win32-x64\jre\17.0.10-win32-x86_64\bin\jli.dll
0x00007ffe14e40000 - 0x00007ffe14fee000 	C:\WINDOWS\System32\USER32.dll
0x00007ffe14350000 - 0x00007ffe14376000 	C:\WINDOWS\System32\win32u.dll
0x00007ffe157f0000 - 0x00007ffe15819000 	C:\WINDOWS\System32\GDI32.dll
0x00007ffe14380000 - 0x00007ffe14499000 	C:\WINDOWS\System32\gdi32full.dll
0x00007ffe0fa80000 - 0x00007ffe0fa9b000 	c:\Users\keitt\.vscode\extensions\redhat.java-1.30.0-win32-x64\jre\17.0.10-win32-x86_64\bin\VCRUNTIME140.dll
0x00007ffe14610000 - 0x00007ffe146aa000 	C:\WINDOWS\System32\msvcp_win.dll
0x00007ffdf0af0000 - 0x00007ffdf0d83000 	C:\WINDOWS\WinSxS\amd64_microsoft.windows.common-controls_6595b64144ccf1df_6.0.22621.3527_none_270e469b73872a76\COMCTL32.dll
0x00007ffe15ca0000 - 0x00007ffe15d47000 	C:\WINDOWS\System32\msvcrt.dll
0x00007ffe158c0000 - 0x00007ffe158f1000 	C:\WINDOWS\System32\IMM32.DLL
0x00007ffe0f6c0000 - 0x00007ffe0f6cc000 	c:\Users\keitt\.vscode\extensions\redhat.java-1.30.0-win32-x64\jre\17.0.10-win32-x86_64\bin\vcruntime140_1.dll
0x00007ffde4830000 - 0x00007ffde48bd000 	c:\Users\keitt\.vscode\extensions\redhat.java-1.30.0-win32-x64\jre\17.0.10-win32-x86_64\bin\msvcp140.dll
0x00007ffdb8cf0000 - 0x00007ffdb9952000 	c:\Users\keitt\.vscode\extensions\redhat.java-1.30.0-win32-x64\jre\17.0.10-win32-x86_64\bin\server\jvm.dll
0x00007ffe16370000 - 0x00007ffe16422000 	C:\WINDOWS\System32\ADVAPI32.dll
0x00007ffe15900000 - 0x00007ffe159a8000 	C:\WINDOWS\System32\sechost.dll
0x00007ffe14b90000 - 0x00007ffe14bb8000 	C:\WINDOWS\System32\bcrypt.dll
0x00007ffe15a80000 - 0x00007ffe15b95000 	C:\WINDOWS\System32\RPCRT4.dll
0x00007ffe14210000 - 0x00007ffe1425d000 	C:\WINDOWS\SYSTEM32\POWRPROF.dll
0x00007ffe09c00000 - 0x00007ffe09c09000 	C:\WINDOWS\SYSTEM32\WSOCK32.dll
0x00007ffe15380000 - 0x00007ffe153f1000 	C:\WINDOWS\System32\WS2_32.dll
0x00007ffe0eb40000 - 0x00007ffe0eb74000 	C:\WINDOWS\SYSTEM32\WINMM.dll
0x00007ffe0d020000 - 0x00007ffe0d02a000 	C:\WINDOWS\SYSTEM32\VERSION.dll
0x00007ffe141f0000 - 0x00007ffe14203000 	C:\WINDOWS\SYSTEM32\UMPDC.dll
0x00007ffe13370000 - 0x00007ffe13388000 	C:\WINDOWS\SYSTEM32\kernel.appcore.dll
0x00007ffe0f370000 - 0x00007ffe0f37a000 	c:\Users\keitt\.vscode\extensions\redhat.java-1.30.0-win32-x64\jre\17.0.10-win32-x86_64\bin\jimage.dll
0x00007ffe0d4d0000 - 0x00007ffe0d702000 	C:\WINDOWS\SYSTEM32\DBGHELP.DLL
0x00007ffe14ff0000 - 0x00007ffe15378000 	C:\WINDOWS\System32\combase.dll
0x00007ffe14d60000 - 0x00007ffe14e37000 	C:\WINDOWS\System32\OLEAUT32.dll
0x00007ffe0d470000 - 0x00007ffe0d4a2000 	C:\WINDOWS\SYSTEM32\dbgcore.DLL
0x00007ffe14ce0000 - 0x00007ffe14d59000 	C:\WINDOWS\System32\bcryptPrimitives.dll
0x00007ffe0dbf0000 - 0x00007ffe0dbfe000 	c:\Users\keitt\.vscode\extensions\redhat.java-1.30.0-win32-x64\jre\17.0.10-win32-x86_64\bin\instrument.dll
0x00007ffe0d940000 - 0x00007ffe0d965000 	c:\Users\keitt\.vscode\extensions\redhat.java-1.30.0-win32-x64\jre\17.0.10-win32-x86_64\bin\java.dll
0x00007ffe0d2a0000 - 0x00007ffe0d2b8000 	c:\Users\keitt\.vscode\extensions\redhat.java-1.30.0-win32-x64\jre\17.0.10-win32-x86_64\bin\zip.dll
0x00007ffe16680000 - 0x00007ffe16edc000 	C:\WINDOWS\System32\SHELL32.dll
0x00007ffe12290000 - 0x00007ffe12b86000 	C:\WINDOWS\SYSTEM32\windows.storage.dll
0x00007ffe12150000 - 0x00007ffe1228e000 	C:\WINDOWS\SYSTEM32\wintypes.dll
0x00007ffe16ef0000 - 0x00007ffe16fe5000 	C:\WINDOWS\System32\SHCORE.dll
0x00007ffe164c0000 - 0x00007ffe1651e000 	C:\WINDOWS\System32\shlwapi.dll
0x00007ffe14280000 - 0x00007ffe142a1000 	C:\WINDOWS\SYSTEM32\profapi.dll
0x00007ffe0d0d0000 - 0x00007ffe0d0e9000 	C:\Users\keitt\.vscode\extensions\redhat.java-1.30.0-win32-x64\jre\17.0.10-win32-x86_64\bin\net.dll
0x00007ffe0ef80000 - 0x00007ffe0f0b6000 	C:\WINDOWS\SYSTEM32\WINHTTP.dll
0x00007ffe137e0000 - 0x00007ffe13849000 	C:\WINDOWS\system32\mswsock.dll
0x00007ffe0c6a0000 - 0x00007ffe0c6b6000 	C:\Users\keitt\.vscode\extensions\redhat.java-1.30.0-win32-x64\jre\17.0.10-win32-x86_64\bin\nio.dll
0x00007ffe0ccd0000 - 0x00007ffe0cce0000 	c:\Users\keitt\.vscode\extensions\redhat.java-1.30.0-win32-x64\jre\17.0.10-win32-x86_64\bin\verify.dll
0x00007ffe0c4f0000 - 0x00007ffe0c52e000 	C:\Users\keitt\AppData\Roaming\Code\User\globalStorage\redhat.java\1.30.0\config_win\org.eclipse.equinox.launcher\org.eclipse.equinox.launcher.win32.win32.x86_64_1.2.900.v20240213-1244\eclipse_11900.dll
0x00007ffe15410000 - 0x00007ffe155b5000 	C:\WINDOWS\System32\ole32.dll
0x00007ffe13a50000 - 0x00007ffe13a6b000 	C:\WINDOWS\SYSTEM32\CRYPTSP.dll
0x00007ffe132d0000 - 0x00007ffe13305000 	C:\WINDOWS\system32\rsaenh.dll
0x00007ffe138e0000 - 0x00007ffe13908000 	C:\WINDOWS\SYSTEM32\USERENV.dll
0x00007ffe13a40000 - 0x00007ffe13a4c000 	C:\WINDOWS\SYSTEM32\CRYPTBASE.dll
0x00007ffe12e30000 - 0x00007ffe12e5d000 	C:\WINDOWS\SYSTEM32\IPHLPAPI.DLL
0x00007ffe15400000 - 0x00007ffe15409000 	C:\WINDOWS\System32\NSI.dll
0x00007ffe0f290000 - 0x00007ffe0f2a9000 	C:\WINDOWS\SYSTEM32\dhcpcsvc6.DLL
0x00007ffe0ef20000 - 0x00007ffe0ef3f000 	C:\WINDOWS\SYSTEM32\dhcpcsvc.DLL
0x00007ffe12eb0000 - 0x00007ffe12fa8000 	C:\WINDOWS\SYSTEM32\DNSAPI.dll
0x00007ffe0c3e0000 - 0x00007ffe0c425000 	C:\Users\keitt\AppData\Local\Temp\jna-101930255\jna12734948744755156283.dll
0x00007ffe16ee0000 - 0x00007ffe16ee8000 	C:\WINDOWS\System32\PSAPI.DLL

dbghelp: loaded successfully - version: 4.0.5 - missing functions: none
symbol engine: initialized successfully - sym options: 0x614 - pdb path: .;c:\Users\keitt\.vscode\extensions\redhat.java-1.30.0-win32-x64\jre\17.0.10-win32-x86_64\bin;C:\WINDOWS\SYSTEM32;C:\Program Files\Avast Software\Avast;C:\WINDOWS\WinSxS\amd64_microsoft.windows.common-controls_6595b64144ccf1df_6.0.22621.3527_none_270e469b73872a76;c:\Users\keitt\.vscode\extensions\redhat.java-1.30.0-win32-x64\jre\17.0.10-win32-x86_64\bin\server;C:\Users\keitt\AppData\Roaming\Code\User\globalStorage\redhat.java\1.30.0\config_win\org.eclipse.equinox.launcher\org.eclipse.equinox.launcher.win32.win32.x86_64_1.2.900.v20240213-1244;C:\Users\keitt\AppData\Local\Temp\jna-101930255

VM Arguments:
jvm_args: --add-modules=ALL-SYSTEM --add-opens=java.base/java.util=ALL-UNNAMED --add-opens=java.base/java.lang=ALL-UNNAMED --add-opens=java.base/sun.nio.fs=ALL-UNNAMED -Declipse.application=org.eclipse.jdt.ls.core.id1 -Dosgi.bundles.defaultStartLevel=4 -Declipse.product=org.eclipse.jdt.ls.core.product -Djava.import.generatesMetadataFilesAtProjectRoot=false -DDetectVMInstallationsJob.disabled=true -Dfile.encoding=utf8 -XX:+UseParallelGC -XX:GCTimeRatio=4 -XX:AdaptiveSizePolicyWeight=90 -Dsun.zip.disableMemoryMapping=true -Xmx1G -Xms100m -Xlog:disable -javaagent:c:\Users\keitt\.vscode\extensions\redhat.java-1.30.0-win32-x64\lombok\lombok-1.18.32.jar -XX:+HeapDumpOnOutOfMemoryError -XX:HeapDumpPath=c:\Users\keitt\AppData\Roaming\Code\User\workspaceStorage\4c2f74357ddefc304d306aff09f187df\redhat.java -Daether.dependencyCollector.impl=bf 
java_command: c:\Users\keitt\.vscode\extensions\redhat.java-1.30.0-win32-x64\server\plugins\org.eclipse.equinox.launcher_1.6.800.v20240330-1250.jar -configuration c:\Users\keitt\AppData\Roaming\Code\User\globalStorage\redhat.java\1.30.0\config_win -data c:\Users\keitt\AppData\Roaming\Code\User\workspaceStorage\4c2f74357ddefc304d306aff09f187df\redhat.java\jdt_ws --pipe=\\.\pipe\lsp-1f3dbec6f5f2eb7651e2214f09f4b738-sock
java_class_path (initial): c:\Users\keitt\.vscode\extensions\redhat.java-1.30.0-win32-x64\server\plugins\org.eclipse.equinox.launcher_1.6.800.v20240330-1250.jar
Launcher Type: SUN_STANDARD

[Global flags]
    uintx AdaptiveSizePolicyWeight                 = 90                                        {product} {command line}
     intx CICompilerCount                          = 4                                         {product} {ergonomic}
    uintx GCTimeRatio                              = 4                                         {product} {command line}
     bool HeapDumpOnOutOfMemoryError               = true                                   {manageable} {command line}
    ccstr HeapDumpPath                             = c:\Users\keitt\AppData\Roaming\Code\User\workspaceStorage\4c2f74357ddefc304d306aff09f187df\redhat.java         {manageable} {command line}
   size_t InitialHeapSize                          = 104857600                                 {product} {command line}
   size_t MaxHeapSize                              = 1073741824                                {product} {command line}
   size_t MaxNewSize                               = 357564416                                 {product} {ergonomic}
   size_t MinHeapDeltaBytes                        = 524288                                    {product} {ergonomic}
   size_t MinHeapSize                              = 104857600                                 {product} {command line}
   size_t NewSize                                  = 34603008                                  {product} {ergonomic}
    uintx NonNMethodCodeHeapSize                   = 5839372                                {pd product} {ergonomic}
    uintx NonProfiledCodeHeapSize                  = 122909434                              {pd product} {ergonomic}
   size_t OldSize                                  = 70254592                                  {product} {ergonomic}
    uintx ProfiledCodeHeapSize                     = 122909434                              {pd product} {ergonomic}
    uintx ReservedCodeCacheSize                    = 251658240                              {pd product} {ergonomic}
     bool SegmentedCodeCache                       = true                                      {product} {ergonomic}
   size_t SoftMaxHeapSize                          = 1073741824                             {manageable} {ergonomic}
     bool UseCompressedClassPointers               = true                           {product lp64_product} {ergonomic}
     bool UseCompressedOops                        = true                           {product lp64_product} {ergonomic}
     bool UseLargePagesIndividualAllocation        = false                                  {pd product} {ergonomic}
     bool UseParallelGC                            = true                                      {product} {command line}

Logging:
Log output configuration:
 #0: stdout all=off uptime,level,tags
 #1: stderr all=off uptime,level,tags

Environment Variables:
PATH=C:\Program Files\Common Files\Oracle\Java\javapath;C:\WINDOWS\system32;C:\WINDOWS;C:\WINDOWS\System32\Wbem;C:\WINDOWS\System32\WindowsPowerShell\v1.0\;C:\WINDOWS\System32\OpenSSH\;C:\Program Files\nodejs\;C:\Program Files\Git\cmd;C:\Users\keitt\AppData\Local\Programs\Python\Python311\Scripts\;C:\Users\keitt\AppData\Local\Programs\Python\Python311\;C:\Users\keitt\AppData\Local\Microsoft\WindowsApps;C:\Users\keitt\AppData\Local\Programs\Microsoft VS Code\bin;C:\Users\keitt\AppData\Roaming\npm;C:\Program Files\Git\bin;C:\Users\keitt\AppData\Local\GitHubDesktop\bin
USERNAME=keitt
OS=Windows_NT
PROCESSOR_IDENTIFIER=Intel64 Family 6 Model 142 Stepping 12, GenuineIntel
TMP=C:\Users\keitt\AppData\Local\Temp
TEMP=C:\Users\keitt\AppData\Local\Temp



Periodic native trim disabled


---------------  S Y S T E M  ---------------

OS:
 Windows 11 , 64 bit Build 22621 (10.0.22621.3527)
OS uptime: 1 days 4:07 hours

CPU: total 8 (initial active 8) (4 cores per cpu, 2 threads per core) family 6 model 142 stepping 12 microcode 0xea, cx8, cmov, fxsr, ht, mmx, 3dnowpref, sse, sse2, sse3, ssse3, sse4.1, sse4.2, popcnt, lzcnt, tsc, tscinvbit, avx, avx2, aes, erms, clmul, bmi1, bmi2, adx, fma, vzeroupper, clflush, clflushopt
Processor Information for all 8 processors :
  Max Mhz: 2112, Current Mhz: 1609, Mhz Limit: 1605

Memory: 4k page, system-wide physical 8025M (106M free)
TotalPageFile size 32601M (AvailPageFile size 393M)
current process WorkingSet (physical memory assigned to process): 213M, peak: 223M
current process commit charge ("private bytes"): 285M, peak: 298M

vm_info: OpenJDK 64-Bit Server VM (17.0.10+7) for windows-amd64 JRE (17.0.10+7), built on Jan 16 2024 23:25:11 by "admin" with MS VC++ 16.10 / 16.11 (VS2019)

END.
